[0.023s] Invoking command in '/home/senai/tiago-projects/dobot-mgc-ros2-pkg/dobot_ws/build/dobot': CMAKE_PREFIX_PATH=/opt/ros/foxy /usr/bin/cmake --build /home/senai/tiago-projects/dobot-mgc-ros2-pkg/dobot_ws/build/dobot -- -j8 -l8
[0.074s] -- Found ament_cmake: 0.9.9 (/opt/ros/foxy/share/ament_cmake/cmake)
[0.099s] -- Found PythonInterp: /usr/bin/python3 (found suitable version "3.8.10", minimum required is "3") 
[0.099s] -- Using PYTHON_EXECUTABLE: /usr/bin/python3
[0.387s] -- Found rosidl_default_generators: 1.0.1 (/opt/ros/foxy/share/rosidl_default_generators/cmake)
[0.389s] -- Using all available rosidl_typesupport_c: rosidl_typesupport_fastrtps_c;rosidl_typesupport_introspection_c
[0.392s] -- Found rosidl_adapter: 1.2.1 (/opt/ros/foxy/share/rosidl_adapter/cmake)
[0.532s] -- Using all available rosidl_typesupport_cpp: rosidl_typesupport_fastrtps_cpp;rosidl_typesupport_introspection_cpp
[0.570s] -- Found rosgraph_msgs: 1.0.0 (/opt/ros/foxy/share/rosgraph_msgs/cmake)
[0.617s] -- Found std_msgs: 2.0.5 (/opt/ros/foxy/share/std_msgs/cmake)
[0.650s] -- Found rclcpp: 2.4.1 (/opt/ros/foxy/share/rclcpp/cmake)
[0.685s] -- Found rmw_implementation_cmake: 1.0.3 (/opt/ros/foxy/share/rmw_implementation_cmake/cmake)
[0.688s] -- Using RMW implementation 'rmw_fastrtps_cpp' as default
[0.802s] -- Found rclpy: 1.0.8 (/opt/ros/foxy/share/rclpy/cmake)
[0.804s] -- Using CATKIN_DEVEL_PREFIX: /home/senai/tiago-projects/dobot-mgc-ros2-pkg/dobot_ws/build/dobot/devel
[0.805s] -- Using CMAKE_PREFIX_PATH: /opt/ros/foxy
[0.832s] -- Using PYTHON_EXECUTABLE: /usr/bin/python3
[0.832s] -- Using Debian Python package layout
[0.832s] -- Using empy: /usr/lib/python3/dist-packages/em.py
[0.976s] -- Using CATKIN_ENABLE_TESTING: ON
[0.976s] -- Call enable_testing()
[0.977s] -- Using CATKIN_TEST_RESULTS_DIR: /home/senai/tiago-projects/dobot-mgc-ros2-pkg/dobot_ws/build/dobot/test_results
[0.994s] -- Forcing gtest/gmock from source, though one was otherwise available.
[0.994s] -- Found gtest sources under '/usr/src/googletest': gtests will be built
[0.994s] -- Found gmock sources under '/usr/src/googletest': gmock will be built
[1.024s] -- Found PythonInterp: /usr/bin/python3 (found version "3.8.10") 
[1.032s] -- Using Python nosetests: /usr/bin/nosetests3
[1.094s] -- catkin 0.8.10
[1.094s] -- BUILD_SHARED_LIBS is on
[1.216s] -- Using these message generators: 
[1.221s] -- Found geometry_msgs: 2.0.5 (/opt/ros/foxy/share/geometry_msgs/cmake)
[1.252s] -- Found ament_lint_auto: 0.9.6 (/opt/ros/foxy/share/ament_lint_auto/cmake)
[1.320s] -- Configuring done
[1.349s] -- Generating done
[1.353s] -- Build files have been written to: /home/senai/tiago-projects/dobot-mgc-ros2-pkg/dobot_ws/build/dobot
[1.388s] Invoked command in '/home/senai/tiago-projects/dobot-mgc-ros2-pkg/dobot_ws/build/dobot' returned '0': CMAKE_PREFIX_PATH=/opt/ros/foxy /usr/bin/cmake --build /home/senai/tiago-projects/dobot-mgc-ros2-pkg/dobot_ws/build/dobot -- -j8 -l8
[1.442s] Invoking command in '/home/senai/tiago-projects/dobot-mgc-ros2-pkg/dobot_ws/build/dobot': CMAKE_PREFIX_PATH=/opt/ros/foxy /usr/bin/cmake --install /home/senai/tiago-projects/dobot-mgc-ros2-pkg/dobot_ws/build/dobot
[1.455s] -- Install configuration: ""
[1.455s] -- Installing: /home/senai/tiago-projects/dobot-mgc-ros2-pkg/dobot_ws/install/dobot/_setup_util.py
[1.456s] -- Up-to-date: /home/senai/tiago-projects/dobot-mgc-ros2-pkg/dobot_ws/install/dobot/env.sh
[1.456s] -- Up-to-date: /home/senai/tiago-projects/dobot-mgc-ros2-pkg/dobot_ws/install/dobot/setup.bash
[1.456s] -- Up-to-date: /home/senai/tiago-projects/dobot-mgc-ros2-pkg/dobot_ws/install/dobot/local_setup.bash
[1.456s] -- Up-to-date: /home/senai/tiago-projects/dobot-mgc-ros2-pkg/dobot_ws/install/dobot/setup.sh
[1.456s] -- Up-to-date: /home/senai/tiago-projects/dobot-mgc-ros2-pkg/dobot_ws/install/dobot/local_setup.sh
[1.456s] -- Up-to-date: /home/senai/tiago-projects/dobot-mgc-ros2-pkg/dobot_ws/install/dobot/setup.zsh
[1.456s] -- Up-to-date: /home/senai/tiago-projects/dobot-mgc-ros2-pkg/dobot_ws/install/dobot/local_setup.zsh
[1.456s] -- Up-to-date: /home/senai/tiago-projects/dobot-mgc-ros2-pkg/dobot_ws/install/dobot/.rosinstall
[1.457s] -- Up-to-date: /home/senai/tiago-projects/dobot-mgc-ros2-pkg/dobot_ws/install/dobot/share/dobot/launch
[1.457s] -- Up-to-date: /home/senai/tiago-projects/dobot-mgc-ros2-pkg/dobot_ws/install/dobot/DobotDll_x86
[1.457s] -- Up-to-date: /home/senai/tiago-projects/dobot-mgc-ros2-pkg/dobot_ws/install/dobot/DobotDll_x86/DobotServer.cpp
[1.457s] -- Up-to-date: /home/senai/tiago-projects/dobot-mgc-ros2-pkg/dobot_ws/install/dobot/DobotDll_x86/DobotDll_x86
[1.457s] -- Up-to-date: /home/senai/tiago-projects/dobot-mgc-ros2-pkg/dobot_ws/install/dobot/DobotDll_x86/DobotDll_x86/libicudata.so.53.1
[1.457s] -- Up-to-date: /home/senai/tiago-projects/dobot-mgc-ros2-pkg/dobot_ws/install/dobot/DobotDll_x86/DobotDll_x86/libDobotDll.so
[1.457s] -- Up-to-date: /home/senai/tiago-projects/dobot-mgc-ros2-pkg/dobot_ws/install/dobot/DobotDll_x86/DobotDll_x86/libQt5Core.so
[1.457s] -- Up-to-date: /home/senai/tiago-projects/dobot-mgc-ros2-pkg/dobot_ws/install/dobot/DobotDll_x86/DobotDll_x86/libDobotDll.so.1.0.0
[1.457s] -- Up-to-date: /home/senai/tiago-projects/dobot-mgc-ros2-pkg/dobot_ws/install/dobot/DobotDll_x86/DobotDll_x86/libicudata.so.53
[1.457s] -- Up-to-date: /home/senai/tiago-projects/dobot-mgc-ros2-pkg/dobot_ws/install/dobot/DobotDll_x86/DobotDll_x86/libicuuc.so.53.1
[1.457s] -- Up-to-date: /home/senai/tiago-projects/dobot-mgc-ros2-pkg/dobot_ws/install/dobot/DobotDll_x86/DobotDll_x86/libDobotDll.so.1
[1.458s] -- Up-to-date: /home/senai/tiago-projects/dobot-mgc-ros2-pkg/dobot_ws/install/dobot/DobotDll_x86/DobotDll_x86/DobotDll.h
[1.458s] -- Up-to-date: /home/senai/tiago-projects/dobot-mgc-ros2-pkg/dobot_ws/install/dobot/DobotDll_x86/DobotDll_x86/libQt5Network.so.5
[1.458s] -- Up-to-date: /home/senai/tiago-projects/dobot-mgc-ros2-pkg/dobot_ws/install/dobot/DobotDll_x86/DobotDll_x86/libicui18n.so.53
[1.458s] -- Up-to-date: /home/senai/tiago-projects/dobot-mgc-ros2-pkg/dobot_ws/install/dobot/DobotDll_x86/DobotDll_x86/libicui18n.so.53.1
[1.458s] -- Up-to-date: /home/senai/tiago-projects/dobot-mgc-ros2-pkg/dobot_ws/install/dobot/DobotDll_x86/DobotDll_x86/libDobotDll.so.1.0
[1.458s] -- Up-to-date: /home/senai/tiago-projects/dobot-mgc-ros2-pkg/dobot_ws/install/dobot/DobotDll_x86/DobotDll_x86/libQt5Network.so.5.4
[1.458s] -- Up-to-date: /home/senai/tiago-projects/dobot-mgc-ros2-pkg/dobot_ws/install/dobot/DobotDll_x86/DobotDll_x86/libQt5Core.so.5.4.0
[1.458s] -- Up-to-date: /home/senai/tiago-projects/dobot-mgc-ros2-pkg/dobot_ws/install/dobot/DobotDll_x86/DobotDll_x86/libQt5Network.so.5.4.0
[1.458s] -- Up-to-date: /home/senai/tiago-projects/dobot-mgc-ros2-pkg/dobot_ws/install/dobot/DobotDll_x86/DobotDll_x86/dobotdll_global.h
[1.458s] -- Up-to-date: /home/senai/tiago-projects/dobot-mgc-ros2-pkg/dobot_ws/install/dobot/DobotDll_x86/DobotDll_x86/libQt5Network.so
[1.458s] -- Up-to-date: /home/senai/tiago-projects/dobot-mgc-ros2-pkg/dobot_ws/install/dobot/DobotDll_x86/DobotDll_x86/libQt5Core.so.5.4
[1.458s] -- Up-to-date: /home/senai/tiago-projects/dobot-mgc-ros2-pkg/dobot_ws/install/dobot/DobotDll_x86/DobotDll_x86/libQt5SerialPort.so.5.4
[1.458s] -- Up-to-date: /home/senai/tiago-projects/dobot-mgc-ros2-pkg/dobot_ws/install/dobot/DobotDll_x86/DobotDll_x86/libQt5SerialPort.so
[1.458s] -- Up-to-date: /home/senai/tiago-projects/dobot-mgc-ros2-pkg/dobot_ws/install/dobot/DobotDll_x86/DobotDll_x86/libQt5Core.so.5
[1.458s] -- Up-to-date: /home/senai/tiago-projects/dobot-mgc-ros2-pkg/dobot_ws/install/dobot/DobotDll_x86/DobotDll_x86/libQt5SerialPort.so.5
[1.458s] -- Up-to-date: /home/senai/tiago-projects/dobot-mgc-ros2-pkg/dobot_ws/install/dobot/DobotDll_x86/DobotDll_x86/DobotType.h
[1.458s] -- Up-to-date: /home/senai/tiago-projects/dobot-mgc-ros2-pkg/dobot_ws/install/dobot/DobotDll_x86/DobotDll_x86/libicuuc.so.53
[1.458s] -- Up-to-date: /home/senai/tiago-projects/dobot-mgc-ros2-pkg/dobot_ws/install/dobot/DobotDll_x86/DobotDll_x86/libQt5SerialPort.so.5.4.0
[1.459s] -- Up-to-date: /home/senai/tiago-projects/dobot-mgc-ros2-pkg/dobot_ws/install/dobot/DobotDll_x86/DobotClient_PTP.cpp
[1.459s] -- Up-to-date: /home/senai/tiago-projects/dobot-mgc-ros2-pkg/dobot_ws/install/dobot/DobotDll_x86/DobotClient_JOG.cpp
[1.459s] -- Up-to-date: /home/senai/tiago-projects/dobot-mgc-ros2-pkg/dobot_ws/install/dobot/DobotDll_x86/DobotDll_x64
[1.459s] -- Up-to-date: /home/senai/tiago-projects/dobot-mgc-ros2-pkg/dobot_ws/install/dobot/DobotDll_x86/DobotDll_x64/libQt5Network.so.5.6.0
[1.459s] -- Up-to-date: /home/senai/tiago-projects/dobot-mgc-ros2-pkg/dobot_ws/install/dobot/DobotDll_x86/DobotDll_x64/libQt5Core.prl
[1.459s] -- Up-to-date: /home/senai/tiago-projects/dobot-mgc-ros2-pkg/dobot_ws/install/dobot/DobotDll_x86/DobotDll_x64/libicui18n.so.56.1
[1.460s] -- Up-to-date: /home/senai/tiago-projects/dobot-mgc-ros2-pkg/dobot_ws/install/dobot/DobotDll_x86/DobotDll_x64/libicudata.so.53.1
[1.460s] -- Up-to-date: /home/senai/tiago-projects/dobot-mgc-ros2-pkg/dobot_ws/install/dobot/DobotDll_x86/DobotDll_x64/libQt5Core.la
[1.461s] -- Up-to-date: /home/senai/tiago-projects/dobot-mgc-ros2-pkg/dobot_ws/install/dobot/DobotDll_x86/DobotDll_x64/libDobotDll.so
[1.461s] -- Up-to-date: /home/senai/tiago-projects/dobot-mgc-ros2-pkg/dobot_ws/install/dobot/DobotDll_x86/DobotDll_x64/libQt5Core.so
[1.461s] -- Up-to-date: /home/senai/tiago-projects/dobot-mgc-ros2-pkg/dobot_ws/install/dobot/DobotDll_x86/DobotDll_x64/libDobotDll.so.1.0.0
[1.461s] -- Up-to-date: /home/senai/tiago-projects/dobot-mgc-ros2-pkg/dobot_ws/install/dobot/DobotDll_x86/DobotDll_x64/libicui18n.so.56
[1.461s] -- Up-to-date: /home/senai/tiago-projects/dobot-mgc-ros2-pkg/dobot_ws/install/dobot/DobotDll_x86/DobotDll_x64/libQt5SerialPort.la
[1.461s] -- Up-to-date: /home/senai/tiago-projects/dobot-mgc-ros2-pkg/dobot_ws/install/dobot/DobotDll_x86/DobotDll_x64/libicudata.so.53
[1.462s] -- Up-to-date: /home/senai/tiago-projects/dobot-mgc-ros2-pkg/dobot_ws/install/dobot/DobotDll_x86/DobotDll_x64/libicuuc.so.53.1
[1.462s] -- Up-to-date: /home/senai/tiago-projects/dobot-mgc-ros2-pkg/dobot_ws/install/dobot/DobotDll_x86/DobotDll_x64/libQt5Network.prl
[1.462s] -- Up-to-date: /home/senai/tiago-projects/dobot-mgc-ros2-pkg/dobot_ws/install/dobot/DobotDll_x86/DobotDll_x64/libDobotDll.so.1
[1.462s] -- Up-to-date: /home/senai/tiago-projects/dobot-mgc-ros2-pkg/dobot_ws/install/dobot/DobotDll_x86/DobotDll_x64/DobotDll.h
[1.462s] -- Up-to-date: /home/senai/tiago-projects/dobot-mgc-ros2-pkg/dobot_ws/install/dobot/DobotDll_x86/DobotDll_x64/libQt5Network.so.5
[1.463s] -- Up-to-date: /home/senai/tiago-projects/dobot-mgc-ros2-pkg/dobot_ws/install/dobot/DobotDll_x86/DobotDll_x64/libQt5Core.so.5.6
[1.463s] -- Up-to-date: /home/senai/tiago-projects/dobot-mgc-ros2-pkg/dobot_ws/install/dobot/DobotDll_x86/DobotDll_x64/libQt5SerialPort.so.5.6.0
[1.463s] -- Up-to-date: /home/senai/tiago-projects/dobot-mgc-ros2-pkg/dobot_ws/install/dobot/DobotDll_x86/DobotDll_x64/libicui18n.so.53
[1.463s] -- Up-to-date: /home/senai/tiago-projects/dobot-mgc-ros2-pkg/dobot_ws/install/dobot/DobotDll_x86/DobotDll_x64/libicui18n.so.53.1
[1.463s] -- Up-to-date: /home/senai/tiago-projects/dobot-mgc-ros2-pkg/dobot_ws/install/dobot/DobotDll_x86/DobotDll_x64/libDobotDll.so.1.0
[1.463s] -- Up-to-date: /home/senai/tiago-projects/dobot-mgc-ros2-pkg/dobot_ws/install/dobot/DobotDll_x86/DobotDll_x64/libQt5Network.so.5.4
[1.463s] -- Up-to-date: /home/senai/tiago-projects/dobot-mgc-ros2-pkg/dobot_ws/install/dobot/DobotDll_x86/DobotDll_x64/libQt5Core.so.5.4.0
[1.464s] -- Up-to-date: /home/senai/tiago-projects/dobot-mgc-ros2-pkg/dobot_ws/install/dobot/DobotDll_x86/DobotDll_x64/libQt5Network.so.5.4.0
[1.464s] -- Up-to-date: /home/senai/tiago-projects/dobot-mgc-ros2-pkg/dobot_ws/install/dobot/DobotDll_x86/DobotDll_x64/dobotdll_global.h
[1.464s] -- Up-to-date: /home/senai/tiago-projects/dobot-mgc-ros2-pkg/dobot_ws/install/dobot/DobotDll_x86/DobotDll_x64/libQt5Network.so
[1.464s] -- Up-to-date: /home/senai/tiago-projects/dobot-mgc-ros2-pkg/dobot_ws/install/dobot/DobotDll_x86/DobotDll_x64/libQt5Core.so.5.4
[1.464s] -- Up-to-date: /home/senai/tiago-projects/dobot-mgc-ros2-pkg/dobot_ws/install/dobot/DobotDll_x86/DobotDll_x64/libicudata.so.56
[1.465s] -- Up-to-date: /home/senai/tiago-projects/dobot-mgc-ros2-pkg/dobot_ws/install/dobot/DobotDll_x86/DobotDll_x64/libicuuc.so.56.1
[1.466s] -- Up-to-date: /home/senai/tiago-projects/dobot-mgc-ros2-pkg/dobot_ws/install/dobot/DobotDll_x86/DobotDll_x64/libQt5Network.so.5.6
[1.466s] -- Up-to-date: /home/senai/tiago-projects/dobot-mgc-ros2-pkg/dobot_ws/install/dobot/DobotDll_x86/DobotDll_x64/libicuuc.so.56
[1.466s] -- Up-to-date: /home/senai/tiago-projects/dobot-mgc-ros2-pkg/dobot_ws/install/dobot/DobotDll_x86/DobotDll_x64/libQt5SerialPort.so.5.6
[1.466s] -- Up-to-date: /home/senai/tiago-projects/dobot-mgc-ros2-pkg/dobot_ws/install/dobot/DobotDll_x86/DobotDll_x64/libQt5SerialPort.so.5.4
[1.467s] -- Up-to-date: /home/senai/tiago-projects/dobot-mgc-ros2-pkg/dobot_ws/install/dobot/DobotDll_x86/DobotDll_x64/libQt5Core.so.5.6.0
[1.467s] -- Up-to-date: /home/senai/tiago-projects/dobot-mgc-ros2-pkg/dobot_ws/install/dobot/DobotDll_x86/DobotDll_x64/libQt5SerialPort.so
[1.467s] -- Up-to-date: /home/senai/tiago-projects/dobot-mgc-ros2-pkg/dobot_ws/install/dobot/DobotDll_x86/DobotDll_x64/libicudata.so.56.1
[1.467s] -- Up-to-date: /home/senai/tiago-projects/dobot-mgc-ros2-pkg/dobot_ws/install/dobot/DobotDll_x86/DobotDll_x64/libQt5Core.so.5
[1.468s] -- Up-to-date: /home/senai/tiago-projects/dobot-mgc-ros2-pkg/dobot_ws/install/dobot/DobotDll_x86/DobotDll_x64/libQt5SerialPort.prl
[1.468s] -- Up-to-date: /home/senai/tiago-projects/dobot-mgc-ros2-pkg/dobot_ws/install/dobot/DobotDll_x86/DobotDll_x64/libQt5SerialPort.so.5
[1.468s] -- Up-to-date: /home/senai/tiago-projects/dobot-mgc-ros2-pkg/dobot_ws/install/dobot/DobotDll_x86/DobotDll_x64/DobotType.h
[1.468s] -- Up-to-date: /home/senai/tiago-projects/dobot-mgc-ros2-pkg/dobot_ws/install/dobot/DobotDll_x86/DobotDll_x64/libQt5Network.la
[1.468s] -- Up-to-date: /home/senai/tiago-projects/dobot-mgc-ros2-pkg/dobot_ws/install/dobot/DobotDll_x86/DobotDll_x64/libicuuc.so.53
[1.468s] -- Up-to-date: /home/senai/tiago-projects/dobot-mgc-ros2-pkg/dobot_ws/install/dobot/DobotDll_x86/DobotDll_x64/libQt5SerialPort.so.5.4.0
[1.468s] -- Up-to-date: /home/senai/tiago-projects/dobot-mgc-ros2-pkg/dobot_ws/install/dobot/DobotDll_x64
[1.468s] -- Up-to-date: /home/senai/tiago-projects/dobot-mgc-ros2-pkg/dobot_ws/install/dobot/DobotDll_x64/DobotServer.cpp
[1.468s] -- Up-to-date: /home/senai/tiago-projects/dobot-mgc-ros2-pkg/dobot_ws/install/dobot/DobotDll_x64/DobotDll_x86
[1.468s] -- Up-to-date: /home/senai/tiago-projects/dobot-mgc-ros2-pkg/dobot_ws/install/dobot/DobotDll_x64/DobotDll_x86/libicudata.so.53.1
[1.469s] -- Up-to-date: /home/senai/tiago-projects/dobot-mgc-ros2-pkg/dobot_ws/install/dobot/DobotDll_x64/DobotDll_x86/libDobotDll.so
[1.469s] -- Up-to-date: /home/senai/tiago-projects/dobot-mgc-ros2-pkg/dobot_ws/install/dobot/DobotDll_x64/DobotDll_x86/libQt5Core.so
[1.469s] -- Up-to-date: /home/senai/tiago-projects/dobot-mgc-ros2-pkg/dobot_ws/install/dobot/DobotDll_x64/DobotDll_x86/libDobotDll.so.1.0.0
[1.469s] -- Up-to-date: /home/senai/tiago-projects/dobot-mgc-ros2-pkg/dobot_ws/install/dobot/DobotDll_x64/DobotDll_x86/libicudata.so.53
[1.469s] -- Up-to-date: /home/senai/tiago-projects/dobot-mgc-ros2-pkg/dobot_ws/install/dobot/DobotDll_x64/DobotDll_x86/libicuuc.so.53.1
[1.469s] -- Up-to-date: /home/senai/tiago-projects/dobot-mgc-ros2-pkg/dobot_ws/install/dobot/DobotDll_x64/DobotDll_x86/libDobotDll.so.1
[1.470s] -- Up-to-date: /home/senai/tiago-projects/dobot-mgc-ros2-pkg/dobot_ws/install/dobot/DobotDll_x64/DobotDll_x86/DobotDll.h
[1.472s] -- Up-to-date: /home/senai/tiago-projects/dobot-mgc-ros2-pkg/dobot_ws/install/dobot/DobotDll_x64/DobotDll_x86/libQt5Network.so.5
[1.472s] -- Up-to-date: /home/senai/tiago-projects/dobot-mgc-ros2-pkg/dobot_ws/install/dobot/DobotDll_x64/DobotDll_x86/libicui18n.so.53
[1.472s] -- Up-to-date: /home/senai/tiago-projects/dobot-mgc-ros2-pkg/dobot_ws/install/dobot/DobotDll_x64/DobotDll_x86/libicui18n.so.53.1
[1.473s] -- Up-to-date: /home/senai/tiago-projects/dobot-mgc-ros2-pkg/dobot_ws/install/dobot/DobotDll_x64/DobotDll_x86/libDobotDll.so.1.0
[1.473s] -- Up-to-date: /home/senai/tiago-projects/dobot-mgc-ros2-pkg/dobot_ws/install/dobot/DobotDll_x64/DobotDll_x86/libQt5Network.so.5.4
[1.473s] -- Up-to-date: /home/senai/tiago-projects/dobot-mgc-ros2-pkg/dobot_ws/install/dobot/DobotDll_x64/DobotDll_x86/libQt5Core.so.5.4.0
[1.473s] -- Up-to-date: /home/senai/tiago-projects/dobot-mgc-ros2-pkg/dobot_ws/install/dobot/DobotDll_x64/DobotDll_x86/libQt5Network.so.5.4.0
[1.473s] -- Up-to-date: /home/senai/tiago-projects/dobot-mgc-ros2-pkg/dobot_ws/install/dobot/DobotDll_x64/DobotDll_x86/dobotdll_global.h
[1.473s] -- Up-to-date: /home/senai/tiago-projects/dobot-mgc-ros2-pkg/dobot_ws/install/dobot/DobotDll_x64/DobotDll_x86/libQt5Network.so
[1.473s] -- Up-to-date: /home/senai/tiago-projects/dobot-mgc-ros2-pkg/dobot_ws/install/dobot/DobotDll_x64/DobotDll_x86/libQt5Core.so.5.4
[1.474s] -- Up-to-date: /home/senai/tiago-projects/dobot-mgc-ros2-pkg/dobot_ws/install/dobot/DobotDll_x64/DobotDll_x86/libQt5SerialPort.so.5.4
[1.474s] -- Up-to-date: /home/senai/tiago-projects/dobot-mgc-ros2-pkg/dobot_ws/install/dobot/DobotDll_x64/DobotDll_x86/libQt5SerialPort.so
[1.474s] -- Up-to-date: /home/senai/tiago-projects/dobot-mgc-ros2-pkg/dobot_ws/install/dobot/DobotDll_x64/DobotDll_x86/libQt5Core.so.5
[1.474s] -- Up-to-date: /home/senai/tiago-projects/dobot-mgc-ros2-pkg/dobot_ws/install/dobot/DobotDll_x64/DobotDll_x86/libQt5SerialPort.so.5
[1.475s] -- Up-to-date: /home/senai/tiago-projects/dobot-mgc-ros2-pkg/dobot_ws/install/dobot/DobotDll_x64/DobotDll_x86/DobotType.h
[1.475s] -- Up-to-date: /home/senai/tiago-projects/dobot-mgc-ros2-pkg/dobot_ws/install/dobot/DobotDll_x64/DobotDll_x86/libicuuc.so.53
[1.475s] -- Up-to-date: /home/senai/tiago-projects/dobot-mgc-ros2-pkg/dobot_ws/install/dobot/DobotDll_x64/DobotDll_x86/libQt5SerialPort.so.5.4.0
[1.475s] -- Up-to-date: /home/senai/tiago-projects/dobot-mgc-ros2-pkg/dobot_ws/install/dobot/DobotDll_x64/DobotClient_PTP.cpp
[1.475s] -- Up-to-date: /home/senai/tiago-projects/dobot-mgc-ros2-pkg/dobot_ws/install/dobot/DobotDll_x64/DobotClient_JOG.cpp
[1.476s] -- Up-to-date: /home/senai/tiago-projects/dobot-mgc-ros2-pkg/dobot_ws/install/dobot/DobotDll_x64/DobotDll_x64
[1.476s] -- Up-to-date: /home/senai/tiago-projects/dobot-mgc-ros2-pkg/dobot_ws/install/dobot/DobotDll_x64/DobotDll_x64/libQt5Network.so.5.6.0
[1.476s] -- Up-to-date: /home/senai/tiago-projects/dobot-mgc-ros2-pkg/dobot_ws/install/dobot/DobotDll_x64/DobotDll_x64/libQt5Core.prl
[1.476s] -- Up-to-date: /home/senai/tiago-projects/dobot-mgc-ros2-pkg/dobot_ws/install/dobot/DobotDll_x64/DobotDll_x64/libicui18n.so.56.1
[1.476s] -- Up-to-date: /home/senai/tiago-projects/dobot-mgc-ros2-pkg/dobot_ws/install/dobot/DobotDll_x64/DobotDll_x64/libicudata.so.53.1
[1.476s] -- Up-to-date: /home/senai/tiago-projects/dobot-mgc-ros2-pkg/dobot_ws/install/dobot/DobotDll_x64/DobotDll_x64/libQt5Core.la
[1.476s] -- Up-to-date: /home/senai/tiago-projects/dobot-mgc-ros2-pkg/dobot_ws/install/dobot/DobotDll_x64/DobotDll_x64/libDobotDll.so
[1.476s] -- Up-to-date: /home/senai/tiago-projects/dobot-mgc-ros2-pkg/dobot_ws/install/dobot/DobotDll_x64/DobotDll_x64/libQt5Core.so
[1.478s] -- Up-to-date: /home/senai/tiago-projects/dobot-mgc-ros2-pkg/dobot_ws/install/dobot/DobotDll_x64/DobotDll_x64/libDobotDll.so.1.0.0
[1.478s] -- Up-to-date: /home/senai/tiago-projects/dobot-mgc-ros2-pkg/dobot_ws/install/dobot/DobotDll_x64/DobotDll_x64/libicui18n.so.56
[1.478s] -- Up-to-date: /home/senai/tiago-projects/dobot-mgc-ros2-pkg/dobot_ws/install/dobot/DobotDll_x64/DobotDll_x64/libQt5SerialPort.la
[1.478s] -- Up-to-date: /home/senai/tiago-projects/dobot-mgc-ros2-pkg/dobot_ws/install/dobot/DobotDll_x64/DobotDll_x64/libicudata.so.53
[1.478s] -- Up-to-date: /home/senai/tiago-projects/dobot-mgc-ros2-pkg/dobot_ws/install/dobot/DobotDll_x64/DobotDll_x64/libicuuc.so.53.1
[1.478s] -- Up-to-date: /home/senai/tiago-projects/dobot-mgc-ros2-pkg/dobot_ws/install/dobot/DobotDll_x64/DobotDll_x64/libQt5Network.prl
[1.478s] -- Up-to-date: /home/senai/tiago-projects/dobot-mgc-ros2-pkg/dobot_ws/install/dobot/DobotDll_x64/DobotDll_x64/libDobotDll.so.1
[1.478s] -- Up-to-date: /home/senai/tiago-projects/dobot-mgc-ros2-pkg/dobot_ws/install/dobot/DobotDll_x64/DobotDll_x64/DobotDll.h
[1.479s] -- Up-to-date: /home/senai/tiago-projects/dobot-mgc-ros2-pkg/dobot_ws/install/dobot/DobotDll_x64/DobotDll_x64/libQt5Network.so.5
[1.479s] -- Up-to-date: /home/senai/tiago-projects/dobot-mgc-ros2-pkg/dobot_ws/install/dobot/DobotDll_x64/DobotDll_x64/libQt5Core.so.5.6
[1.479s] -- Up-to-date: /home/senai/tiago-projects/dobot-mgc-ros2-pkg/dobot_ws/install/dobot/DobotDll_x64/DobotDll_x64/libQt5SerialPort.so.5.6.0
[1.479s] -- Up-to-date: /home/senai/tiago-projects/dobot-mgc-ros2-pkg/dobot_ws/install/dobot/DobotDll_x64/DobotDll_x64/libicui18n.so.53
[1.479s] -- Up-to-date: /home/senai/tiago-projects/dobot-mgc-ros2-pkg/dobot_ws/install/dobot/DobotDll_x64/DobotDll_x64/libicui18n.so.53.1
[1.479s] -- Up-to-date: /home/senai/tiago-projects/dobot-mgc-ros2-pkg/dobot_ws/install/dobot/DobotDll_x64/DobotDll_x64/libDobotDll.so.1.0
[1.479s] -- Up-to-date: /home/senai/tiago-projects/dobot-mgc-ros2-pkg/dobot_ws/install/dobot/DobotDll_x64/DobotDll_x64/libQt5Network.so.5.4
[1.479s] -- Up-to-date: /home/senai/tiago-projects/dobot-mgc-ros2-pkg/dobot_ws/install/dobot/DobotDll_x64/DobotDll_x64/libQt5Core.so.5.4.0
[1.479s] -- Up-to-date: /home/senai/tiago-projects/dobot-mgc-ros2-pkg/dobot_ws/install/dobot/DobotDll_x64/DobotDll_x64/libQt5Network.so.5.4.0
[1.479s] -- Up-to-date: /home/senai/tiago-projects/dobot-mgc-ros2-pkg/dobot_ws/install/dobot/DobotDll_x64/DobotDll_x64/dobotdll_global.h
[1.479s] -- Up-to-date: /home/senai/tiago-projects/dobot-mgc-ros2-pkg/dobot_ws/install/dobot/DobotDll_x64/DobotDll_x64/libQt5Network.so
[1.480s] -- Up-to-date: /home/senai/tiago-projects/dobot-mgc-ros2-pkg/dobot_ws/install/dobot/DobotDll_x64/DobotDll_x64/libQt5Core.so.5.4
[1.480s] -- Up-to-date: /home/senai/tiago-projects/dobot-mgc-ros2-pkg/dobot_ws/install/dobot/DobotDll_x64/DobotDll_x64/libicudata.so.56
[1.480s] -- Up-to-date: /home/senai/tiago-projects/dobot-mgc-ros2-pkg/dobot_ws/install/dobot/DobotDll_x64/DobotDll_x64/libicuuc.so.56.1
[1.480s] -- Up-to-date: /home/senai/tiago-projects/dobot-mgc-ros2-pkg/dobot_ws/install/dobot/DobotDll_x64/DobotDll_x64/libQt5Network.so.5.6
[1.480s] -- Up-to-date: /home/senai/tiago-projects/dobot-mgc-ros2-pkg/dobot_ws/install/dobot/DobotDll_x64/DobotDll_x64/libicuuc.so.56
[1.480s] -- Up-to-date: /home/senai/tiago-projects/dobot-mgc-ros2-pkg/dobot_ws/install/dobot/DobotDll_x64/DobotDll_x64/libQt5SerialPort.so.5.6
[1.480s] -- Up-to-date: /home/senai/tiago-projects/dobot-mgc-ros2-pkg/dobot_ws/install/dobot/DobotDll_x64/DobotDll_x64/libQt5SerialPort.so.5.4
[1.480s] -- Up-to-date: /home/senai/tiago-projects/dobot-mgc-ros2-pkg/dobot_ws/install/dobot/DobotDll_x64/DobotDll_x64/libQt5Core.so.5.6.0
[1.480s] -- Up-to-date: /home/senai/tiago-projects/dobot-mgc-ros2-pkg/dobot_ws/install/dobot/DobotDll_x64/DobotDll_x64/libQt5SerialPort.so
[1.480s] -- Up-to-date: /home/senai/tiago-projects/dobot-mgc-ros2-pkg/dobot_ws/install/dobot/DobotDll_x64/DobotDll_x64/libicudata.so.56.1
[1.480s] -- Up-to-date: /home/senai/tiago-projects/dobot-mgc-ros2-pkg/dobot_ws/install/dobot/DobotDll_x64/DobotDll_x64/libQt5Core.so.5
[1.480s] -- Up-to-date: /home/senai/tiago-projects/dobot-mgc-ros2-pkg/dobot_ws/install/dobot/DobotDll_x64/DobotDll_x64/libQt5SerialPort.prl
[1.480s] -- Up-to-date: /home/senai/tiago-projects/dobot-mgc-ros2-pkg/dobot_ws/install/dobot/DobotDll_x64/DobotDll_x64/libQt5SerialPort.so.5
[1.480s] -- Up-to-date: /home/senai/tiago-projects/dobot-mgc-ros2-pkg/dobot_ws/install/dobot/DobotDll_x64/DobotDll_x64/DobotType.h
[1.480s] -- Up-to-date: /home/senai/tiago-projects/dobot-mgc-ros2-pkg/dobot_ws/install/dobot/DobotDll_x64/DobotDll_x64/libQt5Network.la
[1.480s] -- Up-to-date: /home/senai/tiago-projects/dobot-mgc-ros2-pkg/dobot_ws/install/dobot/DobotDll_x64/DobotDll_x64/libicuuc.so.53
[1.480s] -- Up-to-date: /home/senai/tiago-projects/dobot-mgc-ros2-pkg/dobot_ws/install/dobot/DobotDll_x64/DobotDll_x64/libQt5SerialPort.so.5.4.0
[1.481s] Invoked command in '/home/senai/tiago-projects/dobot-mgc-ros2-pkg/dobot_ws/build/dobot' returned '0': CMAKE_PREFIX_PATH=/opt/ros/foxy /usr/bin/cmake --install /home/senai/tiago-projects/dobot-mgc-ros2-pkg/dobot_ws/build/dobot
