[0.025s] Invoking command in '/home/senai/tiago-projects/dobot-mgc-ros2-pkg/dobot_ws/build/dobot': /usr/bin/cmake /home/senai/tiago-projects/dobot-mgc-ros2-pkg/dobot_ws/src/dobot -DCMAKE_INSTALL_PREFIX=/home/senai/tiago-projects/dobot-mgc-ros2-pkg/dobot_ws/install/dobot
[0.058s] -- Found ament_cmake: 0.9.9 (/opt/ros/foxy/share/ament_cmake/cmake)
[0.089s] -- Found PythonInterp: /usr/bin/python3 (found suitable version "3.8.10", minimum required is "3") 
[0.089s] -- Using PYTHON_EXECUTABLE: /usr/bin/python3
[0.369s] -- Found rosidl_default_generators: 1.0.1 (/opt/ros/foxy/share/rosidl_default_generators/cmake)
[0.371s] -- Using all available rosidl_typesupport_c: rosidl_typesupport_fastrtps_c;rosidl_typesupport_introspection_c
[0.374s] -- Found rosidl_adapter: 1.2.1 (/opt/ros/foxy/share/rosidl_adapter/cmake)
[0.529s] -- Using all available rosidl_typesupport_cpp: rosidl_typesupport_fastrtps_cpp;rosidl_typesupport_introspection_cpp
[0.567s] -- Found rosgraph_msgs: 1.0.0 (/opt/ros/foxy/share/rosgraph_msgs/cmake)
[0.609s] -- Found std_msgs: 2.0.5 (/opt/ros/foxy/share/std_msgs/cmake)
[0.642s] -- Found rclcpp: 2.4.1 (/opt/ros/foxy/share/rclcpp/cmake)
[0.680s] -- Found rmw_implementation_cmake: 1.0.3 (/opt/ros/foxy/share/rmw_implementation_cmake/cmake)
[0.681s] -- Using RMW implementation 'rmw_fastrtps_cpp' as default
[0.796s] -- Found rclpy: 1.0.8 (/opt/ros/foxy/share/rclpy/cmake)
[0.798s] -- Using CATKIN_DEVEL_PREFIX: /home/senai/tiago-projects/dobot-mgc-ros2-pkg/dobot_ws/build/dobot/devel
[0.799s] -- Using CMAKE_PREFIX_PATH: 
[0.826s] -- Using PYTHON_EXECUTABLE: /usr/bin/python3
[0.826s] -- Using Debian Python package layout
[0.826s] -- Using empy: /usr/lib/python3/dist-packages/em.py
[0.986s] -- Using CATKIN_ENABLE_TESTING: ON
[0.986s] -- Call enable_testing()
[0.987s] -- Using CATKIN_TEST_RESULTS_DIR: /home/senai/tiago-projects/dobot-mgc-ros2-pkg/dobot_ws/build/dobot/test_results
[1.012s] -- Forcing gtest/gmock from source, though one was otherwise available.
[1.012s] -- Found gtest sources under '/usr/src/googletest': gtests will be built
[1.012s] -- Found gmock sources under '/usr/src/googletest': gmock will be built
[1.056s] -- Found PythonInterp: /usr/bin/python3 (found version "3.8.10") 
[1.067s] -- Using Python nosetests: /usr/bin/nosetests3
[1.200s] -- catkin 0.8.10
[1.200s] -- BUILD_SHARED_LIBS is on
[1.422s] -- Using these message generators: 
[1.430s] -- Found geometry_msgs: 2.0.5 (/opt/ros/foxy/share/geometry_msgs/cmake)
[1.471s] CMake Error at /opt/ros/foxy/share/rosidl_cmake/cmake/rosidl_generate_interfaces.cmake:59 (message):
[1.471s]   rosidl_generate_interfaces() called without any interface files
[1.471s] Call Stack (most recent call first):
[1.471s]   CMakeLists.txt:45 (rosidl_generate_interfaces)
[1.471s] 
[1.471s] 
[1.472s] -- Configuring incomplete, errors occurred!
[1.473s] See also "/home/senai/tiago-projects/dobot-mgc-ros2-pkg/dobot_ws/build/dobot/CMakeFiles/CMakeOutput.log".
[1.473s] See also "/home/senai/tiago-projects/dobot-mgc-ros2-pkg/dobot_ws/build/dobot/CMakeFiles/CMakeError.log".
[1.479s] Invoked command in '/home/senai/tiago-projects/dobot-mgc-ros2-pkg/dobot_ws/build/dobot' returned '1': /usr/bin/cmake /home/senai/tiago-projects/dobot-mgc-ros2-pkg/dobot_ws/src/dobot -DCMAKE_INSTALL_PREFIX=/home/senai/tiago-projects/dobot-mgc-ros2-pkg/dobot_ws/install/dobot
