-- Install configuration: ""
-- Up-to-date: /home/senai/tiago-projects/dobot-mgc-ros2-pkg/dobot_ws/install/dobot/_setup_util.py
-- Up-to-date: /home/senai/tiago-projects/dobot-mgc-ros2-pkg/dobot_ws/install/dobot/env.sh
-- Up-to-date: /home/senai/tiago-projects/dobot-mgc-ros2-pkg/dobot_ws/install/dobot/setup.bash
-- Up-to-date: /home/senai/tiago-projects/dobot-mgc-ros2-pkg/dobot_ws/install/dobot/local_setup.bash
-- Up-to-date: /home/senai/tiago-projects/dobot-mgc-ros2-pkg/dobot_ws/install/dobot/setup.sh
-- Up-to-date: /home/senai/tiago-projects/dobot-mgc-ros2-pkg/dobot_ws/install/dobot/local_setup.sh
-- Up-to-date: /home/senai/tiago-projects/dobot-mgc-ros2-pkg/dobot_ws/install/dobot/setup.zsh
-- Up-to-date: /home/senai/tiago-projects/dobot-mgc-ros2-pkg/dobot_ws/install/dobot/local_setup.zsh
-- Up-to-date: /home/senai/tiago-projects/dobot-mgc-ros2-pkg/dobot_ws/install/dobot/.rosinstall
-- Installing: /home/senai/tiago-projects/dobot-mgc-ros2-pkg/dobot_ws/install/dobot/share/dobot/launch
-- Installing: /home/senai/tiago-projects/dobot-mgc-ros2-pkg/dobot_ws/install/dobot/DobotDll_x86
-- Installing: /home/senai/tiago-projects/dobot-mgc-ros2-pkg/dobot_ws/install/dobot/DobotDll_x86/DobotServer.cpp
-- Installing: /home/senai/tiago-projects/dobot-mgc-ros2-pkg/dobot_ws/install/dobot/DobotDll_x86/DobotDll_x86
-- Installing: /home/senai/tiago-projects/dobot-mgc-ros2-pkg/dobot_ws/install/dobot/DobotDll_x86/DobotDll_x86/libicudata.so.53.1
-- Installing: /home/senai/tiago-projects/dobot-mgc-ros2-pkg/dobot_ws/install/dobot/DobotDll_x86/DobotDll_x86/libDobotDll.so
-- Installing: /home/senai/tiago-projects/dobot-mgc-ros2-pkg/dobot_ws/install/dobot/DobotDll_x86/DobotDll_x86/libQt5Core.so
-- Installing: /home/senai/tiago-projects/dobot-mgc-ros2-pkg/dobot_ws/install/dobot/DobotDll_x86/DobotDll_x86/libDobotDll.so.1.0.0
-- Installing: /home/senai/tiago-projects/dobot-mgc-ros2-pkg/dobot_ws/install/dobot/DobotDll_x86/DobotDll_x86/libicudata.so.53
-- Installing: /home/senai/tiago-projects/dobot-mgc-ros2-pkg/dobot_ws/install/dobot/DobotDll_x86/DobotDll_x86/libicuuc.so.53.1
-- Installing: /home/senai/tiago-projects/dobot-mgc-ros2-pkg/dobot_ws/install/dobot/DobotDll_x86/DobotDll_x86/libDobotDll.so.1
-- Installing: /home/senai/tiago-projects/dobot-mgc-ros2-pkg/dobot_ws/install/dobot/DobotDll_x86/DobotDll_x86/DobotDll.h
-- Installing: /home/senai/tiago-projects/dobot-mgc-ros2-pkg/dobot_ws/install/dobot/DobotDll_x86/DobotDll_x86/libQt5Network.so.5
-- Installing: /home/senai/tiago-projects/dobot-mgc-ros2-pkg/dobot_ws/install/dobot/DobotDll_x86/DobotDll_x86/libicui18n.so.53
-- Installing: /home/senai/tiago-projects/dobot-mgc-ros2-pkg/dobot_ws/install/dobot/DobotDll_x86/DobotDll_x86/libicui18n.so.53.1
-- Installing: /home/senai/tiago-projects/dobot-mgc-ros2-pkg/dobot_ws/install/dobot/DobotDll_x86/DobotDll_x86/libDobotDll.so.1.0
-- Installing: /home/senai/tiago-projects/dobot-mgc-ros2-pkg/dobot_ws/install/dobot/DobotDll_x86/DobotDll_x86/libQt5Network.so.5.4
-- Installing: /home/senai/tiago-projects/dobot-mgc-ros2-pkg/dobot_ws/install/dobot/DobotDll_x86/DobotDll_x86/libQt5Core.so.5.4.0
-- Installing: /home/senai/tiago-projects/dobot-mgc-ros2-pkg/dobot_ws/install/dobot/DobotDll_x86/DobotDll_x86/libQt5Network.so.5.4.0
-- Installing: /home/senai/tiago-projects/dobot-mgc-ros2-pkg/dobot_ws/install/dobot/DobotDll_x86/DobotDll_x86/dobotdll_global.h
-- Installing: /home/senai/tiago-projects/dobot-mgc-ros2-pkg/dobot_ws/install/dobot/DobotDll_x86/DobotDll_x86/libQt5Network.so
-- Installing: /home/senai/tiago-projects/dobot-mgc-ros2-pkg/dobot_ws/install/dobot/DobotDll_x86/DobotDll_x86/libQt5Core.so.5.4
-- Installing: /home/senai/tiago-projects/dobot-mgc-ros2-pkg/dobot_ws/install/dobot/DobotDll_x86/DobotDll_x86/libQt5SerialPort.so.5.4
-- Installing: /home/senai/tiago-projects/dobot-mgc-ros2-pkg/dobot_ws/install/dobot/DobotDll_x86/DobotDll_x86/libQt5SerialPort.so
-- Installing: /home/senai/tiago-projects/dobot-mgc-ros2-pkg/dobot_ws/install/dobot/DobotDll_x86/DobotDll_x86/libQt5Core.so.5
-- Installing: /home/senai/tiago-projects/dobot-mgc-ros2-pkg/dobot_ws/install/dobot/DobotDll_x86/DobotDll_x86/libQt5SerialPort.so.5
-- Installing: /home/senai/tiago-projects/dobot-mgc-ros2-pkg/dobot_ws/install/dobot/DobotDll_x86/DobotDll_x86/DobotType.h
-- Installing: /home/senai/tiago-projects/dobot-mgc-ros2-pkg/dobot_ws/install/dobot/DobotDll_x86/DobotDll_x86/libicuuc.so.53
-- Installing: /home/senai/tiago-projects/dobot-mgc-ros2-pkg/dobot_ws/install/dobot/DobotDll_x86/DobotDll_x86/libQt5SerialPort.so.5.4.0
-- Installing: /home/senai/tiago-projects/dobot-mgc-ros2-pkg/dobot_ws/install/dobot/DobotDll_x86/DobotClient_PTP.cpp
-- Installing: /home/senai/tiago-projects/dobot-mgc-ros2-pkg/dobot_ws/install/dobot/DobotDll_x86/DobotClient_JOG.cpp
-- Installing: /home/senai/tiago-projects/dobot-mgc-ros2-pkg/dobot_ws/install/dobot/DobotDll_x86/DobotDll_x64
-- Installing: /home/senai/tiago-projects/dobot-mgc-ros2-pkg/dobot_ws/install/dobot/DobotDll_x86/DobotDll_x64/libQt5Network.so.5.6.0
-- Installing: /home/senai/tiago-projects/dobot-mgc-ros2-pkg/dobot_ws/install/dobot/DobotDll_x86/DobotDll_x64/libQt5Core.prl
-- Installing: /home/senai/tiago-projects/dobot-mgc-ros2-pkg/dobot_ws/install/dobot/DobotDll_x86/DobotDll_x64/libicui18n.so.56.1
-- Installing: /home/senai/tiago-projects/dobot-mgc-ros2-pkg/dobot_ws/install/dobot/DobotDll_x86/DobotDll_x64/libicudata.so.53.1
-- Installing: /home/senai/tiago-projects/dobot-mgc-ros2-pkg/dobot_ws/install/dobot/DobotDll_x86/DobotDll_x64/libQt5Core.la
-- Installing: /home/senai/tiago-projects/dobot-mgc-ros2-pkg/dobot_ws/install/dobot/DobotDll_x86/DobotDll_x64/libDobotDll.so
-- Installing: /home/senai/tiago-projects/dobot-mgc-ros2-pkg/dobot_ws/install/dobot/DobotDll_x86/DobotDll_x64/libQt5Core.so
-- Installing: /home/senai/tiago-projects/dobot-mgc-ros2-pkg/dobot_ws/install/dobot/DobotDll_x86/DobotDll_x64/libDobotDll.so.1.0.0
-- Installing: /home/senai/tiago-projects/dobot-mgc-ros2-pkg/dobot_ws/install/dobot/DobotDll_x86/DobotDll_x64/libicui18n.so.56
-- Installing: /home/senai/tiago-projects/dobot-mgc-ros2-pkg/dobot_ws/install/dobot/DobotDll_x86/DobotDll_x64/libQt5SerialPort.la
-- Installing: /home/senai/tiago-projects/dobot-mgc-ros2-pkg/dobot_ws/install/dobot/DobotDll_x86/DobotDll_x64/libicudata.so.53
-- Installing: /home/senai/tiago-projects/dobot-mgc-ros2-pkg/dobot_ws/install/dobot/DobotDll_x86/DobotDll_x64/libicuuc.so.53.1
-- Installing: /home/senai/tiago-projects/dobot-mgc-ros2-pkg/dobot_ws/install/dobot/DobotDll_x86/DobotDll_x64/libQt5Network.prl
-- Installing: /home/senai/tiago-projects/dobot-mgc-ros2-pkg/dobot_ws/install/dobot/DobotDll_x86/DobotDll_x64/libDobotDll.so.1
-- Installing: /home/senai/tiago-projects/dobot-mgc-ros2-pkg/dobot_ws/install/dobot/DobotDll_x86/DobotDll_x64/DobotDll.h
-- Installing: /home/senai/tiago-projects/dobot-mgc-ros2-pkg/dobot_ws/install/dobot/DobotDll_x86/DobotDll_x64/libQt5Network.so.5
-- Installing: /home/senai/tiago-projects/dobot-mgc-ros2-pkg/dobot_ws/install/dobot/DobotDll_x86/DobotDll_x64/libQt5Core.so.5.6
-- Installing: /home/senai/tiago-projects/dobot-mgc-ros2-pkg/dobot_ws/install/dobot/DobotDll_x86/DobotDll_x64/libQt5SerialPort.so.5.6.0
-- Installing: /home/senai/tiago-projects/dobot-mgc-ros2-pkg/dobot_ws/install/dobot/DobotDll_x86/DobotDll_x64/libicui18n.so.53
-- Installing: /home/senai/tiago-projects/dobot-mgc-ros2-pkg/dobot_ws/install/dobot/DobotDll_x86/DobotDll_x64/libicui18n.so.53.1
-- Installing: /home/senai/tiago-projects/dobot-mgc-ros2-pkg/dobot_ws/install/dobot/DobotDll_x86/DobotDll_x64/libDobotDll.so.1.0
-- Installing: /home/senai/tiago-projects/dobot-mgc-ros2-pkg/dobot_ws/install/dobot/DobotDll_x86/DobotDll_x64/libQt5Network.so.5.4
-- Installing: /home/senai/tiago-projects/dobot-mgc-ros2-pkg/dobot_ws/install/dobot/DobotDll_x86/DobotDll_x64/libQt5Core.so.5.4.0
-- Installing: /home/senai/tiago-projects/dobot-mgc-ros2-pkg/dobot_ws/install/dobot/DobotDll_x86/DobotDll_x64/libQt5Network.so.5.4.0
-- Installing: /home/senai/tiago-projects/dobot-mgc-ros2-pkg/dobot_ws/install/dobot/DobotDll_x86/DobotDll_x64/dobotdll_global.h
-- Installing: /home/senai/tiago-projects/dobot-mgc-ros2-pkg/dobot_ws/install/dobot/DobotDll_x86/DobotDll_x64/libQt5Network.so
-- Installing: /home/senai/tiago-projects/dobot-mgc-ros2-pkg/dobot_ws/install/dobot/DobotDll_x86/DobotDll_x64/libQt5Core.so.5.4
-- Installing: /home/senai/tiago-projects/dobot-mgc-ros2-pkg/dobot_ws/install/dobot/DobotDll_x86/DobotDll_x64/libicudata.so.56
-- Installing: /home/senai/tiago-projects/dobot-mgc-ros2-pkg/dobot_ws/install/dobot/DobotDll_x86/DobotDll_x64/libicuuc.so.56.1
-- Installing: /home/senai/tiago-projects/dobot-mgc-ros2-pkg/dobot_ws/install/dobot/DobotDll_x86/DobotDll_x64/libQt5Network.so.5.6
-- Installing: /home/senai/tiago-projects/dobot-mgc-ros2-pkg/dobot_ws/install/dobot/DobotDll_x86/DobotDll_x64/libicuuc.so.56
-- Installing: /home/senai/tiago-projects/dobot-mgc-ros2-pkg/dobot_ws/install/dobot/DobotDll_x86/DobotDll_x64/libQt5SerialPort.so.5.6
-- Installing: /home/senai/tiago-projects/dobot-mgc-ros2-pkg/dobot_ws/install/dobot/DobotDll_x86/DobotDll_x64/libQt5SerialPort.so.5.4
-- Installing: /home/senai/tiago-projects/dobot-mgc-ros2-pkg/dobot_ws/install/dobot/DobotDll_x86/DobotDll_x64/libQt5Core.so.5.6.0
-- Installing: /home/senai/tiago-projects/dobot-mgc-ros2-pkg/dobot_ws/install/dobot/DobotDll_x86/DobotDll_x64/libQt5SerialPort.so
-- Installing: /home/senai/tiago-projects/dobot-mgc-ros2-pkg/dobot_ws/install/dobot/DobotDll_x86/DobotDll_x64/libicudata.so.56.1
-- Installing: /home/senai/tiago-projects/dobot-mgc-ros2-pkg/dobot_ws/install/dobot/DobotDll_x86/DobotDll_x64/libQt5Core.so.5
-- Installing: /home/senai/tiago-projects/dobot-mgc-ros2-pkg/dobot_ws/install/dobot/DobotDll_x86/DobotDll_x64/libQt5SerialPort.prl
-- Installing: /home/senai/tiago-projects/dobot-mgc-ros2-pkg/dobot_ws/install/dobot/DobotDll_x86/DobotDll_x64/libQt5SerialPort.so.5
-- Installing: /home/senai/tiago-projects/dobot-mgc-ros2-pkg/dobot_ws/install/dobot/DobotDll_x86/DobotDll_x64/DobotType.h
-- Installing: /home/senai/tiago-projects/dobot-mgc-ros2-pkg/dobot_ws/install/dobot/DobotDll_x86/DobotDll_x64/libQt5Network.la
-- Installing: /home/senai/tiago-projects/dobot-mgc-ros2-pkg/dobot_ws/install/dobot/DobotDll_x86/DobotDll_x64/libicuuc.so.53
-- Installing: /home/senai/tiago-projects/dobot-mgc-ros2-pkg/dobot_ws/install/dobot/DobotDll_x86/DobotDll_x64/libQt5SerialPort.so.5.4.0
-- Installing: /home/senai/tiago-projects/dobot-mgc-ros2-pkg/dobot_ws/install/dobot/DobotDll_x64
-- Installing: /home/senai/tiago-projects/dobot-mgc-ros2-pkg/dobot_ws/install/dobot/DobotDll_x64/DobotServer.cpp
-- Installing: /home/senai/tiago-projects/dobot-mgc-ros2-pkg/dobot_ws/install/dobot/DobotDll_x64/DobotDll_x86
-- Installing: /home/senai/tiago-projects/dobot-mgc-ros2-pkg/dobot_ws/install/dobot/DobotDll_x64/DobotDll_x86/libicudata.so.53.1
-- Installing: /home/senai/tiago-projects/dobot-mgc-ros2-pkg/dobot_ws/install/dobot/DobotDll_x64/DobotDll_x86/libDobotDll.so
-- Installing: /home/senai/tiago-projects/dobot-mgc-ros2-pkg/dobot_ws/install/dobot/DobotDll_x64/DobotDll_x86/libQt5Core.so
-- Installing: /home/senai/tiago-projects/dobot-mgc-ros2-pkg/dobot_ws/install/dobot/DobotDll_x64/DobotDll_x86/libDobotDll.so.1.0.0
-- Installing: /home/senai/tiago-projects/dobot-mgc-ros2-pkg/dobot_ws/install/dobot/DobotDll_x64/DobotDll_x86/libicudata.so.53
-- Installing: /home/senai/tiago-projects/dobot-mgc-ros2-pkg/dobot_ws/install/dobot/DobotDll_x64/DobotDll_x86/libicuuc.so.53.1
-- Installing: /home/senai/tiago-projects/dobot-mgc-ros2-pkg/dobot_ws/install/dobot/DobotDll_x64/DobotDll_x86/libDobotDll.so.1
-- Installing: /home/senai/tiago-projects/dobot-mgc-ros2-pkg/dobot_ws/install/dobot/DobotDll_x64/DobotDll_x86/DobotDll.h
-- Installing: /home/senai/tiago-projects/dobot-mgc-ros2-pkg/dobot_ws/install/dobot/DobotDll_x64/DobotDll_x86/libQt5Network.so.5
-- Installing: /home/senai/tiago-projects/dobot-mgc-ros2-pkg/dobot_ws/install/dobot/DobotDll_x64/DobotDll_x86/libicui18n.so.53
-- Installing: /home/senai/tiago-projects/dobot-mgc-ros2-pkg/dobot_ws/install/dobot/DobotDll_x64/DobotDll_x86/libicui18n.so.53.1
-- Installing: /home/senai/tiago-projects/dobot-mgc-ros2-pkg/dobot_ws/install/dobot/DobotDll_x64/DobotDll_x86/libDobotDll.so.1.0
-- Installing: /home/senai/tiago-projects/dobot-mgc-ros2-pkg/dobot_ws/install/dobot/DobotDll_x64/DobotDll_x86/libQt5Network.so.5.4
-- Installing: /home/senai/tiago-projects/dobot-mgc-ros2-pkg/dobot_ws/install/dobot/DobotDll_x64/DobotDll_x86/libQt5Core.so.5.4.0
-- Installing: /home/senai/tiago-projects/dobot-mgc-ros2-pkg/dobot_ws/install/dobot/DobotDll_x64/DobotDll_x86/libQt5Network.so.5.4.0
-- Installing: /home/senai/tiago-projects/dobot-mgc-ros2-pkg/dobot_ws/install/dobot/DobotDll_x64/DobotDll_x86/dobotdll_global.h
-- Installing: /home/senai/tiago-projects/dobot-mgc-ros2-pkg/dobot_ws/install/dobot/DobotDll_x64/DobotDll_x86/libQt5Network.so
-- Installing: /home/senai/tiago-projects/dobot-mgc-ros2-pkg/dobot_ws/install/dobot/DobotDll_x64/DobotDll_x86/libQt5Core.so.5.4
-- Installing: /home/senai/tiago-projects/dobot-mgc-ros2-pkg/dobot_ws/install/dobot/DobotDll_x64/DobotDll_x86/libQt5SerialPort.so.5.4
-- Installing: /home/senai/tiago-projects/dobot-mgc-ros2-pkg/dobot_ws/install/dobot/DobotDll_x64/DobotDll_x86/libQt5SerialPort.so
-- Installing: /home/senai/tiago-projects/dobot-mgc-ros2-pkg/dobot_ws/install/dobot/DobotDll_x64/DobotDll_x86/libQt5Core.so.5
-- Installing: /home/senai/tiago-projects/dobot-mgc-ros2-pkg/dobot_ws/install/dobot/DobotDll_x64/DobotDll_x86/libQt5SerialPort.so.5
-- Installing: /home/senai/tiago-projects/dobot-mgc-ros2-pkg/dobot_ws/install/dobot/DobotDll_x64/DobotDll_x86/DobotType.h
-- Installing: /home/senai/tiago-projects/dobot-mgc-ros2-pkg/dobot_ws/install/dobot/DobotDll_x64/DobotDll_x86/libicuuc.so.53
-- Installing: /home/senai/tiago-projects/dobot-mgc-ros2-pkg/dobot_ws/install/dobot/DobotDll_x64/DobotDll_x86/libQt5SerialPort.so.5.4.0
-- Installing: /home/senai/tiago-projects/dobot-mgc-ros2-pkg/dobot_ws/install/dobot/DobotDll_x64/DobotClient_PTP.cpp
-- Installing: /home/senai/tiago-projects/dobot-mgc-ros2-pkg/dobot_ws/install/dobot/DobotDll_x64/DobotClient_JOG.cpp
-- Installing: /home/senai/tiago-projects/dobot-mgc-ros2-pkg/dobot_ws/install/dobot/DobotDll_x64/DobotDll_x64
-- Installing: /home/senai/tiago-projects/dobot-mgc-ros2-pkg/dobot_ws/install/dobot/DobotDll_x64/DobotDll_x64/libQt5Network.so.5.6.0
-- Installing: /home/senai/tiago-projects/dobot-mgc-ros2-pkg/dobot_ws/install/dobot/DobotDll_x64/DobotDll_x64/libQt5Core.prl
-- Installing: /home/senai/tiago-projects/dobot-mgc-ros2-pkg/dobot_ws/install/dobot/DobotDll_x64/DobotDll_x64/libicui18n.so.56.1
-- Installing: /home/senai/tiago-projects/dobot-mgc-ros2-pkg/dobot_ws/install/dobot/DobotDll_x64/DobotDll_x64/libicudata.so.53.1
-- Installing: /home/senai/tiago-projects/dobot-mgc-ros2-pkg/dobot_ws/install/dobot/DobotDll_x64/DobotDll_x64/libQt5Core.la
-- Installing: /home/senai/tiago-projects/dobot-mgc-ros2-pkg/dobot_ws/install/dobot/DobotDll_x64/DobotDll_x64/libDobotDll.so
-- Installing: /home/senai/tiago-projects/dobot-mgc-ros2-pkg/dobot_ws/install/dobot/DobotDll_x64/DobotDll_x64/libQt5Core.so
-- Installing: /home/senai/tiago-projects/dobot-mgc-ros2-pkg/dobot_ws/install/dobot/DobotDll_x64/DobotDll_x64/libDobotDll.so.1.0.0
-- Installing: /home/senai/tiago-projects/dobot-mgc-ros2-pkg/dobot_ws/install/dobot/DobotDll_x64/DobotDll_x64/libicui18n.so.56
-- Installing: /home/senai/tiago-projects/dobot-mgc-ros2-pkg/dobot_ws/install/dobot/DobotDll_x64/DobotDll_x64/libQt5SerialPort.la
-- Installing: /home/senai/tiago-projects/dobot-mgc-ros2-pkg/dobot_ws/install/dobot/DobotDll_x64/DobotDll_x64/libicudata.so.53
-- Installing: /home/senai/tiago-projects/dobot-mgc-ros2-pkg/dobot_ws/install/dobot/DobotDll_x64/DobotDll_x64/libicuuc.so.53.1
-- Installing: /home/senai/tiago-projects/dobot-mgc-ros2-pkg/dobot_ws/install/dobot/DobotDll_x64/DobotDll_x64/libQt5Network.prl
-- Installing: /home/senai/tiago-projects/dobot-mgc-ros2-pkg/dobot_ws/install/dobot/DobotDll_x64/DobotDll_x64/libDobotDll.so.1
-- Installing: /home/senai/tiago-projects/dobot-mgc-ros2-pkg/dobot_ws/install/dobot/DobotDll_x64/DobotDll_x64/DobotDll.h
-- Installing: /home/senai/tiago-projects/dobot-mgc-ros2-pkg/dobot_ws/install/dobot/DobotDll_x64/DobotDll_x64/libQt5Network.so.5
-- Installing: /home/senai/tiago-projects/dobot-mgc-ros2-pkg/dobot_ws/install/dobot/DobotDll_x64/DobotDll_x64/libQt5Core.so.5.6
-- Installing: /home/senai/tiago-projects/dobot-mgc-ros2-pkg/dobot_ws/install/dobot/DobotDll_x64/DobotDll_x64/libQt5SerialPort.so.5.6.0
-- Installing: /home/senai/tiago-projects/dobot-mgc-ros2-pkg/dobot_ws/install/dobot/DobotDll_x64/DobotDll_x64/libicui18n.so.53
-- Installing: /home/senai/tiago-projects/dobot-mgc-ros2-pkg/dobot_ws/install/dobot/DobotDll_x64/DobotDll_x64/libicui18n.so.53.1
-- Installing: /home/senai/tiago-projects/dobot-mgc-ros2-pkg/dobot_ws/install/dobot/DobotDll_x64/DobotDll_x64/libDobotDll.so.1.0
-- Installing: /home/senai/tiago-projects/dobot-mgc-ros2-pkg/dobot_ws/install/dobot/DobotDll_x64/DobotDll_x64/libQt5Network.so.5.4
-- Installing: /home/senai/tiago-projects/dobot-mgc-ros2-pkg/dobot_ws/install/dobot/DobotDll_x64/DobotDll_x64/libQt5Core.so.5.4.0
-- Installing: /home/senai/tiago-projects/dobot-mgc-ros2-pkg/dobot_ws/install/dobot/DobotDll_x64/DobotDll_x64/libQt5Network.so.5.4.0
-- Installing: /home/senai/tiago-projects/dobot-mgc-ros2-pkg/dobot_ws/install/dobot/DobotDll_x64/DobotDll_x64/dobotdll_global.h
-- Installing: /home/senai/tiago-projects/dobot-mgc-ros2-pkg/dobot_ws/install/dobot/DobotDll_x64/DobotDll_x64/libQt5Network.so
-- Installing: /home/senai/tiago-projects/dobot-mgc-ros2-pkg/dobot_ws/install/dobot/DobotDll_x64/DobotDll_x64/libQt5Core.so.5.4
-- Installing: /home/senai/tiago-projects/dobot-mgc-ros2-pkg/dobot_ws/install/dobot/DobotDll_x64/DobotDll_x64/libicudata.so.56
-- Installing: /home/senai/tiago-projects/dobot-mgc-ros2-pkg/dobot_ws/install/dobot/DobotDll_x64/DobotDll_x64/libicuuc.so.56.1
-- Installing: /home/senai/tiago-projects/dobot-mgc-ros2-pkg/dobot_ws/install/dobot/DobotDll_x64/DobotDll_x64/libQt5Network.so.5.6
-- Installing: /home/senai/tiago-projects/dobot-mgc-ros2-pkg/dobot_ws/install/dobot/DobotDll_x64/DobotDll_x64/libicuuc.so.56
-- Installing: /home/senai/tiago-projects/dobot-mgc-ros2-pkg/dobot_ws/install/dobot/DobotDll_x64/DobotDll_x64/libQt5SerialPort.so.5.6
-- Installing: /home/senai/tiago-projects/dobot-mgc-ros2-pkg/dobot_ws/install/dobot/DobotDll_x64/DobotDll_x64/libQt5SerialPort.so.5.4
-- Installing: /home/senai/tiago-projects/dobot-mgc-ros2-pkg/dobot_ws/install/dobot/DobotDll_x64/DobotDll_x64/libQt5Core.so.5.6.0
-- Installing: /home/senai/tiago-projects/dobot-mgc-ros2-pkg/dobot_ws/install/dobot/DobotDll_x64/DobotDll_x64/libQt5SerialPort.so
-- Installing: /home/senai/tiago-projects/dobot-mgc-ros2-pkg/dobot_ws/install/dobot/DobotDll_x64/DobotDll_x64/libicudata.so.56.1
-- Installing: /home/senai/tiago-projects/dobot-mgc-ros2-pkg/dobot_ws/install/dobot/DobotDll_x64/DobotDll_x64/libQt5Core.so.5
-- Installing: /home/senai/tiago-projects/dobot-mgc-ros2-pkg/dobot_ws/install/dobot/DobotDll_x64/DobotDll_x64/libQt5SerialPort.prl
-- Installing: /home/senai/tiago-projects/dobot-mgc-ros2-pkg/dobot_ws/install/dobot/DobotDll_x64/DobotDll_x64/libQt5SerialPort.so.5
-- Installing: /home/senai/tiago-projects/dobot-mgc-ros2-pkg/dobot_ws/install/dobot/DobotDll_x64/DobotDll_x64/DobotType.h
-- Installing: /home/senai/tiago-projects/dobot-mgc-ros2-pkg/dobot_ws/install/dobot/DobotDll_x64/DobotDll_x64/libQt5Network.la
-- Installing: /home/senai/tiago-projects/dobot-mgc-ros2-pkg/dobot_ws/install/dobot/DobotDll_x64/DobotDll_x64/libicuuc.so.53
-- Installing: /home/senai/tiago-projects/dobot-mgc-ros2-pkg/dobot_ws/install/dobot/DobotDll_x64/DobotDll_x64/libQt5SerialPort.so.5.4.0
