[0.018s] Invoking command in '/home/senai/tiago-projects/dobot-mgc-ros2-pkg/dobot_ws/build/dobot': CMAKE_PREFIX_PATH=/opt/ros/foxy /usr/bin/cmake --build /home/senai/tiago-projects/dobot-mgc-ros2-pkg/dobot_ws/build/dobot -- -j8 -l8
[0.059s] -- Found ament_cmake: 0.9.9 (/opt/ros/foxy/share/ament_cmake/cmake)
[0.084s] -- Found PythonInterp: /usr/bin/python3 (found suitable version "3.8.10", minimum required is "3") 
[0.084s] -- Using PYTHON_EXECUTABLE: /usr/bin/python3
[0.358s] -- Found rosidl_default_generators: 1.0.1 (/opt/ros/foxy/share/rosidl_default_generators/cmake)
[0.360s] -- Using all available rosidl_typesupport_c: rosidl_typesupport_fastrtps_c;rosidl_typesupport_introspection_c
[0.364s] -- Found rosidl_adapter: 1.2.1 (/opt/ros/foxy/share/rosidl_adapter/cmake)
[0.503s] -- Using all available rosidl_typesupport_cpp: rosidl_typesupport_fastrtps_cpp;rosidl_typesupport_introspection_cpp
[0.541s] -- Found rosgraph_msgs: 1.0.0 (/opt/ros/foxy/share/rosgraph_msgs/cmake)
[0.589s] -- Found std_msgs: 2.0.5 (/opt/ros/foxy/share/std_msgs/cmake)
[0.624s] -- Found rclcpp: 2.4.1 (/opt/ros/foxy/share/rclcpp/cmake)
[0.664s] -- Found rmw_implementation_cmake: 1.0.3 (/opt/ros/foxy/share/rmw_implementation_cmake/cmake)
[0.665s] -- Using RMW implementation 'rmw_fastrtps_cpp' as default
[0.777s] -- Found rclpy: 1.0.8 (/opt/ros/foxy/share/rclpy/cmake)
[0.779s] -- Using CATKIN_DEVEL_PREFIX: /home/senai/tiago-projects/dobot-mgc-ros2-pkg/dobot_ws/build/dobot/devel
[0.779s] -- Using CMAKE_PREFIX_PATH: /opt/ros/foxy
[0.807s] -- Using PYTHON_EXECUTABLE: /usr/bin/python3
[0.807s] -- Using Debian Python package layout
[0.807s] -- Using empy: /usr/lib/python3/dist-packages/em.py
[1.000s] -- Using CATKIN_ENABLE_TESTING: ON
[1.001s] -- Call enable_testing()
[1.002s] -- Using CATKIN_TEST_RESULTS_DIR: /home/senai/tiago-projects/dobot-mgc-ros2-pkg/dobot_ws/build/dobot/test_results
[1.030s] -- Forcing gtest/gmock from source, though one was otherwise available.
[1.030s] -- Found gtest sources under '/usr/src/googletest': gtests will be built
[1.030s] -- Found gmock sources under '/usr/src/googletest': gmock will be built
[1.079s] -- Found PythonInterp: /usr/bin/python3 (found version "3.8.10") 
[1.093s] -- Using Python nosetests: /usr/bin/nosetests3
[1.233s] -- catkin 0.8.10
[1.233s] -- BUILD_SHARED_LIBS is on
[1.388s] -- Using these message generators: 
[1.394s] -- Found geometry_msgs: 2.0.5 (/opt/ros/foxy/share/geometry_msgs/cmake)
[1.431s] -- Found ament_lint_auto: 0.9.6 (/opt/ros/foxy/share/ament_lint_auto/cmake)
[1.499s] -- Configuring done
[1.530s] -- Generating done
[1.536s] -- Build files have been written to: /home/senai/tiago-projects/dobot-mgc-ros2-pkg/dobot_ws/build/dobot
[1.575s] Invoked command in '/home/senai/tiago-projects/dobot-mgc-ros2-pkg/dobot_ws/build/dobot' returned '0': CMAKE_PREFIX_PATH=/opt/ros/foxy /usr/bin/cmake --build /home/senai/tiago-projects/dobot-mgc-ros2-pkg/dobot_ws/build/dobot -- -j8 -l8
[1.640s] Invoking command in '/home/senai/tiago-projects/dobot-mgc-ros2-pkg/dobot_ws/build/dobot': CMAKE_PREFIX_PATH=/opt/ros/foxy /usr/bin/cmake --install /home/senai/tiago-projects/dobot-mgc-ros2-pkg/dobot_ws/build/dobot
[1.658s] -- Install configuration: ""
[1.658s] -- Installing: /home/senai/tiago-projects/dobot-mgc-ros2-pkg/dobot_ws/install/dobot/_setup_util.py
[1.658s] -- Up-to-date: /home/senai/tiago-projects/dobot-mgc-ros2-pkg/dobot_ws/install/dobot/env.sh
[1.659s] -- Up-to-date: /home/senai/tiago-projects/dobot-mgc-ros2-pkg/dobot_ws/install/dobot/setup.bash
[1.659s] -- Up-to-date: /home/senai/tiago-projects/dobot-mgc-ros2-pkg/dobot_ws/install/dobot/local_setup.bash
[1.659s] -- Up-to-date: /home/senai/tiago-projects/dobot-mgc-ros2-pkg/dobot_ws/install/dobot/setup.sh
[1.659s] -- Up-to-date: /home/senai/tiago-projects/dobot-mgc-ros2-pkg/dobot_ws/install/dobot/local_setup.sh
[1.659s] -- Up-to-date: /home/senai/tiago-projects/dobot-mgc-ros2-pkg/dobot_ws/install/dobot/setup.zsh
[1.659s] -- Up-to-date: /home/senai/tiago-projects/dobot-mgc-ros2-pkg/dobot_ws/install/dobot/local_setup.zsh
[1.660s] -- Up-to-date: /home/senai/tiago-projects/dobot-mgc-ros2-pkg/dobot_ws/install/dobot/.rosinstall
[1.660s] -- Up-to-date: /home/senai/tiago-projects/dobot-mgc-ros2-pkg/dobot_ws/install/dobot/share/dobot/launch
[1.660s] -- Up-to-date: /home/senai/tiago-projects/dobot-mgc-ros2-pkg/dobot_ws/install/dobot/DobotDll_x86
[1.660s] -- Up-to-date: /home/senai/tiago-projects/dobot-mgc-ros2-pkg/dobot_ws/install/dobot/DobotDll_x86/DobotServer.cpp
[1.660s] -- Up-to-date: /home/senai/tiago-projects/dobot-mgc-ros2-pkg/dobot_ws/install/dobot/DobotDll_x86/DobotDll_x86
[1.660s] -- Up-to-date: /home/senai/tiago-projects/dobot-mgc-ros2-pkg/dobot_ws/install/dobot/DobotDll_x86/DobotDll_x86/libicudata.so.53.1
[1.661s] -- Up-to-date: /home/senai/tiago-projects/dobot-mgc-ros2-pkg/dobot_ws/install/dobot/DobotDll_x86/DobotDll_x86/libDobotDll.so
[1.661s] -- Up-to-date: /home/senai/tiago-projects/dobot-mgc-ros2-pkg/dobot_ws/install/dobot/DobotDll_x86/DobotDll_x86/libQt5Core.so
[1.661s] -- Up-to-date: /home/senai/tiago-projects/dobot-mgc-ros2-pkg/dobot_ws/install/dobot/DobotDll_x86/DobotDll_x86/libDobotDll.so.1.0.0
[1.661s] -- Up-to-date: /home/senai/tiago-projects/dobot-mgc-ros2-pkg/dobot_ws/install/dobot/DobotDll_x86/DobotDll_x86/libicudata.so.53
[1.661s] -- Up-to-date: /home/senai/tiago-projects/dobot-mgc-ros2-pkg/dobot_ws/install/dobot/DobotDll_x86/DobotDll_x86/libicuuc.so.53.1
[1.661s] -- Up-to-date: /home/senai/tiago-projects/dobot-mgc-ros2-pkg/dobot_ws/install/dobot/DobotDll_x86/DobotDll_x86/libDobotDll.so.1
[1.661s] -- Up-to-date: /home/senai/tiago-projects/dobot-mgc-ros2-pkg/dobot_ws/install/dobot/DobotDll_x86/DobotDll_x86/DobotDll.h
[1.661s] -- Up-to-date: /home/senai/tiago-projects/dobot-mgc-ros2-pkg/dobot_ws/install/dobot/DobotDll_x86/DobotDll_x86/libQt5Network.so.5
[1.661s] -- Up-to-date: /home/senai/tiago-projects/dobot-mgc-ros2-pkg/dobot_ws/install/dobot/DobotDll_x86/DobotDll_x86/libicui18n.so.53
[1.661s] -- Up-to-date: /home/senai/tiago-projects/dobot-mgc-ros2-pkg/dobot_ws/install/dobot/DobotDll_x86/DobotDll_x86/libicui18n.so.53.1
[1.661s] -- Up-to-date: /home/senai/tiago-projects/dobot-mgc-ros2-pkg/dobot_ws/install/dobot/DobotDll_x86/DobotDll_x86/libDobotDll.so.1.0
[1.661s] -- Up-to-date: /home/senai/tiago-projects/dobot-mgc-ros2-pkg/dobot_ws/install/dobot/DobotDll_x86/DobotDll_x86/libQt5Network.so.5.4
[1.661s] -- Up-to-date: /home/senai/tiago-projects/dobot-mgc-ros2-pkg/dobot_ws/install/dobot/DobotDll_x86/DobotDll_x86/libQt5Core.so.5.4.0
[1.662s] -- Up-to-date: /home/senai/tiago-projects/dobot-mgc-ros2-pkg/dobot_ws/install/dobot/DobotDll_x86/DobotDll_x86/libQt5Network.so.5.4.0
[1.662s] -- Up-to-date: /home/senai/tiago-projects/dobot-mgc-ros2-pkg/dobot_ws/install/dobot/DobotDll_x86/DobotDll_x86/dobotdll_global.h
[1.662s] -- Up-to-date: /home/senai/tiago-projects/dobot-mgc-ros2-pkg/dobot_ws/install/dobot/DobotDll_x86/DobotDll_x86/libQt5Network.so
[1.662s] -- Up-to-date: /home/senai/tiago-projects/dobot-mgc-ros2-pkg/dobot_ws/install/dobot/DobotDll_x86/DobotDll_x86/libQt5Core.so.5.4
[1.662s] -- Up-to-date: /home/senai/tiago-projects/dobot-mgc-ros2-pkg/dobot_ws/install/dobot/DobotDll_x86/DobotDll_x86/libQt5SerialPort.so.5.4
[1.662s] -- Up-to-date: /home/senai/tiago-projects/dobot-mgc-ros2-pkg/dobot_ws/install/dobot/DobotDll_x86/DobotDll_x86/libQt5SerialPort.so
[1.662s] -- Up-to-date: /home/senai/tiago-projects/dobot-mgc-ros2-pkg/dobot_ws/install/dobot/DobotDll_x86/DobotDll_x86/libQt5Core.so.5
[1.662s] -- Up-to-date: /home/senai/tiago-projects/dobot-mgc-ros2-pkg/dobot_ws/install/dobot/DobotDll_x86/DobotDll_x86/libQt5SerialPort.so.5
[1.662s] -- Up-to-date: /home/senai/tiago-projects/dobot-mgc-ros2-pkg/dobot_ws/install/dobot/DobotDll_x86/DobotDll_x86/DobotType.h
[1.662s] -- Up-to-date: /home/senai/tiago-projects/dobot-mgc-ros2-pkg/dobot_ws/install/dobot/DobotDll_x86/DobotDll_x86/libicuuc.so.53
[1.662s] -- Up-to-date: /home/senai/tiago-projects/dobot-mgc-ros2-pkg/dobot_ws/install/dobot/DobotDll_x86/DobotDll_x86/libQt5SerialPort.so.5.4.0
[1.662s] -- Up-to-date: /home/senai/tiago-projects/dobot-mgc-ros2-pkg/dobot_ws/install/dobot/DobotDll_x86/DobotClient_PTP.cpp
[1.663s] -- Up-to-date: /home/senai/tiago-projects/dobot-mgc-ros2-pkg/dobot_ws/install/dobot/DobotDll_x86/DobotClient_JOG.cpp
[1.664s] -- Up-to-date: /home/senai/tiago-projects/dobot-mgc-ros2-pkg/dobot_ws/install/dobot/DobotDll_x86/DobotDll_x64
[1.664s] -- Up-to-date: /home/senai/tiago-projects/dobot-mgc-ros2-pkg/dobot_ws/install/dobot/DobotDll_x86/DobotDll_x64/libQt5Network.so.5.6.0
[1.664s] -- Up-to-date: /home/senai/tiago-projects/dobot-mgc-ros2-pkg/dobot_ws/install/dobot/DobotDll_x86/DobotDll_x64/libQt5Core.prl
[1.665s] -- Up-to-date: /home/senai/tiago-projects/dobot-mgc-ros2-pkg/dobot_ws/install/dobot/DobotDll_x86/DobotDll_x64/libicui18n.so.56.1
[1.665s] -- Up-to-date: /home/senai/tiago-projects/dobot-mgc-ros2-pkg/dobot_ws/install/dobot/DobotDll_x86/DobotDll_x64/libicudata.so.53.1
[1.665s] -- Up-to-date: /home/senai/tiago-projects/dobot-mgc-ros2-pkg/dobot_ws/install/dobot/DobotDll_x86/DobotDll_x64/libQt5Core.la
[1.666s] -- Up-to-date: /home/senai/tiago-projects/dobot-mgc-ros2-pkg/dobot_ws/install/dobot/DobotDll_x86/DobotDll_x64/libDobotDll.so
[1.666s] -- Up-to-date: /home/senai/tiago-projects/dobot-mgc-ros2-pkg/dobot_ws/install/dobot/DobotDll_x86/DobotDll_x64/libQt5Core.so
[1.666s] -- Up-to-date: /home/senai/tiago-projects/dobot-mgc-ros2-pkg/dobot_ws/install/dobot/DobotDll_x86/DobotDll_x64/libDobotDll.so.1.0.0
[1.666s] -- Up-to-date: /home/senai/tiago-projects/dobot-mgc-ros2-pkg/dobot_ws/install/dobot/DobotDll_x86/DobotDll_x64/libicui18n.so.56
[1.666s] -- Up-to-date: /home/senai/tiago-projects/dobot-mgc-ros2-pkg/dobot_ws/install/dobot/DobotDll_x86/DobotDll_x64/libQt5SerialPort.la
[1.667s] -- Up-to-date: /home/senai/tiago-projects/dobot-mgc-ros2-pkg/dobot_ws/install/dobot/DobotDll_x86/DobotDll_x64/libicudata.so.53
[1.667s] -- Up-to-date: /home/senai/tiago-projects/dobot-mgc-ros2-pkg/dobot_ws/install/dobot/DobotDll_x86/DobotDll_x64/libicuuc.so.53.1
[1.667s] -- Up-to-date: /home/senai/tiago-projects/dobot-mgc-ros2-pkg/dobot_ws/install/dobot/DobotDll_x86/DobotDll_x64/libQt5Network.prl
[1.667s] -- Up-to-date: /home/senai/tiago-projects/dobot-mgc-ros2-pkg/dobot_ws/install/dobot/DobotDll_x86/DobotDll_x64/libDobotDll.so.1
[1.667s] -- Up-to-date: /home/senai/tiago-projects/dobot-mgc-ros2-pkg/dobot_ws/install/dobot/DobotDll_x86/DobotDll_x64/DobotDll.h
[1.667s] -- Up-to-date: /home/senai/tiago-projects/dobot-mgc-ros2-pkg/dobot_ws/install/dobot/DobotDll_x86/DobotDll_x64/libQt5Network.so.5
[1.667s] -- Up-to-date: /home/senai/tiago-projects/dobot-mgc-ros2-pkg/dobot_ws/install/dobot/DobotDll_x86/DobotDll_x64/libQt5Core.so.5.6
[1.668s] -- Up-to-date: /home/senai/tiago-projects/dobot-mgc-ros2-pkg/dobot_ws/install/dobot/DobotDll_x86/DobotDll_x64/libQt5SerialPort.so.5.6.0
[1.668s] -- Up-to-date: /home/senai/tiago-projects/dobot-mgc-ros2-pkg/dobot_ws/install/dobot/DobotDll_x86/DobotDll_x64/libicui18n.so.53
[1.668s] -- Up-to-date: /home/senai/tiago-projects/dobot-mgc-ros2-pkg/dobot_ws/install/dobot/DobotDll_x86/DobotDll_x64/libicui18n.so.53.1
[1.668s] -- Up-to-date: /home/senai/tiago-projects/dobot-mgc-ros2-pkg/dobot_ws/install/dobot/DobotDll_x86/DobotDll_x64/libDobotDll.so.1.0
[1.669s] -- Up-to-date: /home/senai/tiago-projects/dobot-mgc-ros2-pkg/dobot_ws/install/dobot/DobotDll_x86/DobotDll_x64/libQt5Network.so.5.4
[1.669s] -- Up-to-date: /home/senai/tiago-projects/dobot-mgc-ros2-pkg/dobot_ws/install/dobot/DobotDll_x86/DobotDll_x64/libQt5Core.so.5.4.0
[1.669s] -- Up-to-date: /home/senai/tiago-projects/dobot-mgc-ros2-pkg/dobot_ws/install/dobot/DobotDll_x86/DobotDll_x64/libQt5Network.so.5.4.0
[1.670s] -- Up-to-date: /home/senai/tiago-projects/dobot-mgc-ros2-pkg/dobot_ws/install/dobot/DobotDll_x86/DobotDll_x64/dobotdll_global.h
[1.670s] -- Up-to-date: /home/senai/tiago-projects/dobot-mgc-ros2-pkg/dobot_ws/install/dobot/DobotDll_x86/DobotDll_x64/libQt5Network.so
[1.671s] -- Up-to-date: /home/senai/tiago-projects/dobot-mgc-ros2-pkg/dobot_ws/install/dobot/DobotDll_x86/DobotDll_x64/libQt5Core.so.5.4
[1.671s] -- Up-to-date: /home/senai/tiago-projects/dobot-mgc-ros2-pkg/dobot_ws/install/dobot/DobotDll_x86/DobotDll_x64/libicudata.so.56
[1.671s] -- Up-to-date: /home/senai/tiago-projects/dobot-mgc-ros2-pkg/dobot_ws/install/dobot/DobotDll_x86/DobotDll_x64/libicuuc.so.56.1
[1.671s] -- Up-to-date: /home/senai/tiago-projects/dobot-mgc-ros2-pkg/dobot_ws/install/dobot/DobotDll_x86/DobotDll_x64/libQt5Network.so.5.6
[1.672s] -- Up-to-date: /home/senai/tiago-projects/dobot-mgc-ros2-pkg/dobot_ws/install/dobot/DobotDll_x86/DobotDll_x64/libicuuc.so.56
[1.672s] -- Up-to-date: /home/senai/tiago-projects/dobot-mgc-ros2-pkg/dobot_ws/install/dobot/DobotDll_x86/DobotDll_x64/libQt5SerialPort.so.5.6
[1.672s] -- Up-to-date: /home/senai/tiago-projects/dobot-mgc-ros2-pkg/dobot_ws/install/dobot/DobotDll_x86/DobotDll_x64/libQt5SerialPort.so.5.4
[1.672s] -- Up-to-date: /home/senai/tiago-projects/dobot-mgc-ros2-pkg/dobot_ws/install/dobot/DobotDll_x86/DobotDll_x64/libQt5Core.so.5.6.0
[1.673s] -- Up-to-date: /home/senai/tiago-projects/dobot-mgc-ros2-pkg/dobot_ws/install/dobot/DobotDll_x86/DobotDll_x64/libQt5SerialPort.so
[1.673s] -- Up-to-date: /home/senai/tiago-projects/dobot-mgc-ros2-pkg/dobot_ws/install/dobot/DobotDll_x86/DobotDll_x64/libicudata.so.56.1
[1.673s] -- Up-to-date: /home/senai/tiago-projects/dobot-mgc-ros2-pkg/dobot_ws/install/dobot/DobotDll_x86/DobotDll_x64/libQt5Core.so.5
[1.673s] -- Up-to-date: /home/senai/tiago-projects/dobot-mgc-ros2-pkg/dobot_ws/install/dobot/DobotDll_x86/DobotDll_x64/libQt5SerialPort.prl
[1.673s] -- Up-to-date: /home/senai/tiago-projects/dobot-mgc-ros2-pkg/dobot_ws/install/dobot/DobotDll_x86/DobotDll_x64/libQt5SerialPort.so.5
[1.673s] -- Up-to-date: /home/senai/tiago-projects/dobot-mgc-ros2-pkg/dobot_ws/install/dobot/DobotDll_x86/DobotDll_x64/DobotType.h
[1.673s] -- Up-to-date: /home/senai/tiago-projects/dobot-mgc-ros2-pkg/dobot_ws/install/dobot/DobotDll_x86/DobotDll_x64/libQt5Network.la
[1.674s] -- Up-to-date: /home/senai/tiago-projects/dobot-mgc-ros2-pkg/dobot_ws/install/dobot/DobotDll_x86/DobotDll_x64/libicuuc.so.53
[1.674s] -- Up-to-date: /home/senai/tiago-projects/dobot-mgc-ros2-pkg/dobot_ws/install/dobot/DobotDll_x86/DobotDll_x64/libQt5SerialPort.so.5.4.0
[1.674s] -- Up-to-date: /home/senai/tiago-projects/dobot-mgc-ros2-pkg/dobot_ws/install/dobot/DobotDll_x64
[1.674s] -- Up-to-date: /home/senai/tiago-projects/dobot-mgc-ros2-pkg/dobot_ws/install/dobot/DobotDll_x64/DobotServer.cpp
[1.674s] -- Up-to-date: /home/senai/tiago-projects/dobot-mgc-ros2-pkg/dobot_ws/install/dobot/DobotDll_x64/DobotDll_x86
[1.675s] -- Up-to-date: /home/senai/tiago-projects/dobot-mgc-ros2-pkg/dobot_ws/install/dobot/DobotDll_x64/DobotDll_x86/libicudata.so.53.1
[1.677s] -- Up-to-date: /home/senai/tiago-projects/dobot-mgc-ros2-pkg/dobot_ws/install/dobot/DobotDll_x64/DobotDll_x86/libDobotDll.so
[1.678s] -- Up-to-date: /home/senai/tiago-projects/dobot-mgc-ros2-pkg/dobot_ws/install/dobot/DobotDll_x64/DobotDll_x86/libQt5Core.so
[1.678s] -- Up-to-date: /home/senai/tiago-projects/dobot-mgc-ros2-pkg/dobot_ws/install/dobot/DobotDll_x64/DobotDll_x86/libDobotDll.so.1.0.0
[1.678s] -- Up-to-date: /home/senai/tiago-projects/dobot-mgc-ros2-pkg/dobot_ws/install/dobot/DobotDll_x64/DobotDll_x86/libicudata.so.53
[1.678s] -- Up-to-date: /home/senai/tiago-projects/dobot-mgc-ros2-pkg/dobot_ws/install/dobot/DobotDll_x64/DobotDll_x86/libicuuc.so.53.1
[1.679s] -- Up-to-date: /home/senai/tiago-projects/dobot-mgc-ros2-pkg/dobot_ws/install/dobot/DobotDll_x64/DobotDll_x86/libDobotDll.so.1
[1.679s] -- Up-to-date: /home/senai/tiago-projects/dobot-mgc-ros2-pkg/dobot_ws/install/dobot/DobotDll_x64/DobotDll_x86/DobotDll.h
[1.679s] -- Up-to-date: /home/senai/tiago-projects/dobot-mgc-ros2-pkg/dobot_ws/install/dobot/DobotDll_x64/DobotDll_x86/libQt5Network.so.5
[1.679s] -- Up-to-date: /home/senai/tiago-projects/dobot-mgc-ros2-pkg/dobot_ws/install/dobot/DobotDll_x64/DobotDll_x86/libicui18n.so.53
[1.679s] -- Up-to-date: /home/senai/tiago-projects/dobot-mgc-ros2-pkg/dobot_ws/install/dobot/DobotDll_x64/DobotDll_x86/libicui18n.so.53.1
[1.679s] -- Up-to-date: /home/senai/tiago-projects/dobot-mgc-ros2-pkg/dobot_ws/install/dobot/DobotDll_x64/DobotDll_x86/libDobotDll.so.1.0
[1.679s] -- Up-to-date: /home/senai/tiago-projects/dobot-mgc-ros2-pkg/dobot_ws/install/dobot/DobotDll_x64/DobotDll_x86/libQt5Network.so.5.4
[1.680s] -- Up-to-date: /home/senai/tiago-projects/dobot-mgc-ros2-pkg/dobot_ws/install/dobot/DobotDll_x64/DobotDll_x86/libQt5Core.so.5.4.0
[1.680s] -- Up-to-date: /home/senai/tiago-projects/dobot-mgc-ros2-pkg/dobot_ws/install/dobot/DobotDll_x64/DobotDll_x86/libQt5Network.so.5.4.0
[1.680s] -- Up-to-date: /home/senai/tiago-projects/dobot-mgc-ros2-pkg/dobot_ws/install/dobot/DobotDll_x64/DobotDll_x86/dobotdll_global.h
[1.680s] -- Up-to-date: /home/senai/tiago-projects/dobot-mgc-ros2-pkg/dobot_ws/install/dobot/DobotDll_x64/DobotDll_x86/libQt5Network.so
[1.680s] -- Up-to-date: /home/senai/tiago-projects/dobot-mgc-ros2-pkg/dobot_ws/install/dobot/DobotDll_x64/DobotDll_x86/libQt5Core.so.5.4
[1.681s] -- Up-to-date: /home/senai/tiago-projects/dobot-mgc-ros2-pkg/dobot_ws/install/dobot/DobotDll_x64/DobotDll_x86/libQt5SerialPort.so.5.4
[1.681s] -- Up-to-date: /home/senai/tiago-projects/dobot-mgc-ros2-pkg/dobot_ws/install/dobot/DobotDll_x64/DobotDll_x86/libQt5SerialPort.so
[1.681s] -- Up-to-date: /home/senai/tiago-projects/dobot-mgc-ros2-pkg/dobot_ws/install/dobot/DobotDll_x64/DobotDll_x86/libQt5Core.so.5
[1.681s] -- Up-to-date: /home/senai/tiago-projects/dobot-mgc-ros2-pkg/dobot_ws/install/dobot/DobotDll_x64/DobotDll_x86/libQt5SerialPort.so.5
[1.681s] -- Up-to-date: /home/senai/tiago-projects/dobot-mgc-ros2-pkg/dobot_ws/install/dobot/DobotDll_x64/DobotDll_x86/DobotType.h
[1.682s] -- Up-to-date: /home/senai/tiago-projects/dobot-mgc-ros2-pkg/dobot_ws/install/dobot/DobotDll_x64/DobotDll_x86/libicuuc.so.53
[1.682s] -- Up-to-date: /home/senai/tiago-projects/dobot-mgc-ros2-pkg/dobot_ws/install/dobot/DobotDll_x64/DobotDll_x86/libQt5SerialPort.so.5.4.0
[1.682s] -- Up-to-date: /home/senai/tiago-projects/dobot-mgc-ros2-pkg/dobot_ws/install/dobot/DobotDll_x64/DobotClient_PTP.cpp
[1.682s] -- Up-to-date: /home/senai/tiago-projects/dobot-mgc-ros2-pkg/dobot_ws/install/dobot/DobotDll_x64/DobotClient_JOG.cpp
[1.682s] -- Up-to-date: /home/senai/tiago-projects/dobot-mgc-ros2-pkg/dobot_ws/install/dobot/DobotDll_x64/DobotDll_x64
[1.683s] -- Up-to-date: /home/senai/tiago-projects/dobot-mgc-ros2-pkg/dobot_ws/install/dobot/DobotDll_x64/DobotDll_x64/libQt5Network.so.5.6.0
[1.683s] -- Up-to-date: /home/senai/tiago-projects/dobot-mgc-ros2-pkg/dobot_ws/install/dobot/DobotDll_x64/DobotDll_x64/libQt5Core.prl
[1.683s] -- Up-to-date: /home/senai/tiago-projects/dobot-mgc-ros2-pkg/dobot_ws/install/dobot/DobotDll_x64/DobotDll_x64/libicui18n.so.56.1
[1.683s] -- Up-to-date: /home/senai/tiago-projects/dobot-mgc-ros2-pkg/dobot_ws/install/dobot/DobotDll_x64/DobotDll_x64/libicudata.so.53.1
[1.684s] -- Up-to-date: /home/senai/tiago-projects/dobot-mgc-ros2-pkg/dobot_ws/install/dobot/DobotDll_x64/DobotDll_x64/libQt5Core.la
[1.685s] -- Up-to-date: /home/senai/tiago-projects/dobot-mgc-ros2-pkg/dobot_ws/install/dobot/DobotDll_x64/DobotDll_x64/libDobotDll.so
[1.685s] -- Up-to-date: /home/senai/tiago-projects/dobot-mgc-ros2-pkg/dobot_ws/install/dobot/DobotDll_x64/DobotDll_x64/libQt5Core.so
[1.685s] -- Up-to-date: /home/senai/tiago-projects/dobot-mgc-ros2-pkg/dobot_ws/install/dobot/DobotDll_x64/DobotDll_x64/libDobotDll.so.1.0.0
[1.685s] -- Up-to-date: /home/senai/tiago-projects/dobot-mgc-ros2-pkg/dobot_ws/install/dobot/DobotDll_x64/DobotDll_x64/libicui18n.so.56
[1.685s] -- Up-to-date: /home/senai/tiago-projects/dobot-mgc-ros2-pkg/dobot_ws/install/dobot/DobotDll_x64/DobotDll_x64/libQt5SerialPort.la
[1.685s] -- Up-to-date: /home/senai/tiago-projects/dobot-mgc-ros2-pkg/dobot_ws/install/dobot/DobotDll_x64/DobotDll_x64/libicudata.so.53
[1.685s] -- Up-to-date: /home/senai/tiago-projects/dobot-mgc-ros2-pkg/dobot_ws/install/dobot/DobotDll_x64/DobotDll_x64/libicuuc.so.53.1
[1.686s] -- Up-to-date: /home/senai/tiago-projects/dobot-mgc-ros2-pkg/dobot_ws/install/dobot/DobotDll_x64/DobotDll_x64/libQt5Network.prl
[1.686s] -- Up-to-date: /home/senai/tiago-projects/dobot-mgc-ros2-pkg/dobot_ws/install/dobot/DobotDll_x64/DobotDll_x64/libDobotDll.so.1
[1.686s] -- Up-to-date: /home/senai/tiago-projects/dobot-mgc-ros2-pkg/dobot_ws/install/dobot/DobotDll_x64/DobotDll_x64/DobotDll.h
[1.686s] -- Up-to-date: /home/senai/tiago-projects/dobot-mgc-ros2-pkg/dobot_ws/install/dobot/DobotDll_x64/DobotDll_x64/libQt5Network.so.5
[1.686s] -- Up-to-date: /home/senai/tiago-projects/dobot-mgc-ros2-pkg/dobot_ws/install/dobot/DobotDll_x64/DobotDll_x64/libQt5Core.so.5.6
[1.686s] -- Up-to-date: /home/senai/tiago-projects/dobot-mgc-ros2-pkg/dobot_ws/install/dobot/DobotDll_x64/DobotDll_x64/libQt5SerialPort.so.5.6.0
[1.686s] -- Up-to-date: /home/senai/tiago-projects/dobot-mgc-ros2-pkg/dobot_ws/install/dobot/DobotDll_x64/DobotDll_x64/libicui18n.so.53
[1.686s] -- Up-to-date: /home/senai/tiago-projects/dobot-mgc-ros2-pkg/dobot_ws/install/dobot/DobotDll_x64/DobotDll_x64/libicui18n.so.53.1
[1.686s] -- Up-to-date: /home/senai/tiago-projects/dobot-mgc-ros2-pkg/dobot_ws/install/dobot/DobotDll_x64/DobotDll_x64/libDobotDll.so.1.0
[1.687s] -- Up-to-date: /home/senai/tiago-projects/dobot-mgc-ros2-pkg/dobot_ws/install/dobot/DobotDll_x64/DobotDll_x64/libQt5Network.so.5.4
[1.687s] -- Up-to-date: /home/senai/tiago-projects/dobot-mgc-ros2-pkg/dobot_ws/install/dobot/DobotDll_x64/DobotDll_x64/libQt5Core.so.5.4.0
[1.687s] -- Up-to-date: /home/senai/tiago-projects/dobot-mgc-ros2-pkg/dobot_ws/install/dobot/DobotDll_x64/DobotDll_x64/libQt5Network.so.5.4.0
[1.687s] -- Up-to-date: /home/senai/tiago-projects/dobot-mgc-ros2-pkg/dobot_ws/install/dobot/DobotDll_x64/DobotDll_x64/dobotdll_global.h
[1.687s] -- Up-to-date: /home/senai/tiago-projects/dobot-mgc-ros2-pkg/dobot_ws/install/dobot/DobotDll_x64/DobotDll_x64/libQt5Network.so
[1.687s] -- Up-to-date: /home/senai/tiago-projects/dobot-mgc-ros2-pkg/dobot_ws/install/dobot/DobotDll_x64/DobotDll_x64/libQt5Core.so.5.4
[1.687s] -- Up-to-date: /home/senai/tiago-projects/dobot-mgc-ros2-pkg/dobot_ws/install/dobot/DobotDll_x64/DobotDll_x64/libicudata.so.56
[1.687s] -- Up-to-date: /home/senai/tiago-projects/dobot-mgc-ros2-pkg/dobot_ws/install/dobot/DobotDll_x64/DobotDll_x64/libicuuc.so.56.1
[1.687s] -- Up-to-date: /home/senai/tiago-projects/dobot-mgc-ros2-pkg/dobot_ws/install/dobot/DobotDll_x64/DobotDll_x64/libQt5Network.so.5.6
[1.687s] -- Up-to-date: /home/senai/tiago-projects/dobot-mgc-ros2-pkg/dobot_ws/install/dobot/DobotDll_x64/DobotDll_x64/libicuuc.so.56
[1.687s] -- Up-to-date: /home/senai/tiago-projects/dobot-mgc-ros2-pkg/dobot_ws/install/dobot/DobotDll_x64/DobotDll_x64/libQt5SerialPort.so.5.6
[1.687s] -- Up-to-date: /home/senai/tiago-projects/dobot-mgc-ros2-pkg/dobot_ws/install/dobot/DobotDll_x64/DobotDll_x64/libQt5SerialPort.so.5.4
[1.688s] -- Up-to-date: /home/senai/tiago-projects/dobot-mgc-ros2-pkg/dobot_ws/install/dobot/DobotDll_x64/DobotDll_x64/libQt5Core.so.5.6.0
[1.688s] -- Up-to-date: /home/senai/tiago-projects/dobot-mgc-ros2-pkg/dobot_ws/install/dobot/DobotDll_x64/DobotDll_x64/libQt5SerialPort.so
[1.688s] -- Up-to-date: /home/senai/tiago-projects/dobot-mgc-ros2-pkg/dobot_ws/install/dobot/DobotDll_x64/DobotDll_x64/libicudata.so.56.1
[1.688s] -- Up-to-date: /home/senai/tiago-projects/dobot-mgc-ros2-pkg/dobot_ws/install/dobot/DobotDll_x64/DobotDll_x64/libQt5Core.so.5
[1.688s] -- Up-to-date: /home/senai/tiago-projects/dobot-mgc-ros2-pkg/dobot_ws/install/dobot/DobotDll_x64/DobotDll_x64/libQt5SerialPort.prl
[1.688s] -- Up-to-date: /home/senai/tiago-projects/dobot-mgc-ros2-pkg/dobot_ws/install/dobot/DobotDll_x64/DobotDll_x64/libQt5SerialPort.so.5
[1.688s] -- Up-to-date: /home/senai/tiago-projects/dobot-mgc-ros2-pkg/dobot_ws/install/dobot/DobotDll_x64/DobotDll_x64/DobotType.h
[1.688s] -- Up-to-date: /home/senai/tiago-projects/dobot-mgc-ros2-pkg/dobot_ws/install/dobot/DobotDll_x64/DobotDll_x64/libQt5Network.la
[1.688s] -- Up-to-date: /home/senai/tiago-projects/dobot-mgc-ros2-pkg/dobot_ws/install/dobot/DobotDll_x64/DobotDll_x64/libicuuc.so.53
[1.688s] -- Up-to-date: /home/senai/tiago-projects/dobot-mgc-ros2-pkg/dobot_ws/install/dobot/DobotDll_x64/DobotDll_x64/libQt5SerialPort.so.5.4.0
[1.689s] Invoked command in '/home/senai/tiago-projects/dobot-mgc-ros2-pkg/dobot_ws/build/dobot' returned '0': CMAKE_PREFIX_PATH=/opt/ros/foxy /usr/bin/cmake --install /home/senai/tiago-projects/dobot-mgc-ros2-pkg/dobot_ws/build/dobot
