[0.019s] Invoking command in '/home/senai/tiago-projects/dobot-mgc-ros2-pkg/dobot_ws/build/dobot': CMAKE_PREFIX_PATH=/opt/ros/foxy /usr/bin/cmake --build /home/senai/tiago-projects/dobot-mgc-ros2-pkg/dobot_ws/build/dobot -- -j8 -l8
[0.061s] -- Found ament_cmake: 0.9.9 (/opt/ros/foxy/share/ament_cmake/cmake)
[0.087s] -- Found PythonInterp: /usr/bin/python3 (found suitable version "3.8.10", minimum required is "3") 
[0.087s] -- Using PYTHON_EXECUTABLE: /usr/bin/python3
[0.372s] -- Found rosidl_default_generators: 1.0.1 (/opt/ros/foxy/share/rosidl_default_generators/cmake)
[0.374s] -- Using all available rosidl_typesupport_c: rosidl_typesupport_fastrtps_c;rosidl_typesupport_introspection_c
[0.378s] -- Found rosidl_adapter: 1.2.1 (/opt/ros/foxy/share/rosidl_adapter/cmake)
[0.530s] -- Using all available rosidl_typesupport_cpp: rosidl_typesupport_fastrtps_cpp;rosidl_typesupport_introspection_cpp
[0.566s] -- Found rosgraph_msgs: 1.0.0 (/opt/ros/foxy/share/rosgraph_msgs/cmake)
[0.611s] -- Found std_msgs: 2.0.5 (/opt/ros/foxy/share/std_msgs/cmake)
[0.644s] -- Found rclcpp: 2.4.1 (/opt/ros/foxy/share/rclcpp/cmake)
[0.685s] -- Found rmw_implementation_cmake: 1.0.3 (/opt/ros/foxy/share/rmw_implementation_cmake/cmake)
[0.687s] -- Using RMW implementation 'rmw_fastrtps_cpp' as default
[0.800s] -- Found rclpy: 1.0.8 (/opt/ros/foxy/share/rclpy/cmake)
[0.803s] -- Using CATKIN_DEVEL_PREFIX: /home/senai/tiago-projects/dobot-mgc-ros2-pkg/dobot_ws/build/dobot/devel
[0.803s] -- Using CMAKE_PREFIX_PATH: /opt/ros/foxy
[0.829s] -- Using PYTHON_EXECUTABLE: /usr/bin/python3
[0.829s] -- Using Debian Python package layout
[0.829s] -- Using empy: /usr/lib/python3/dist-packages/em.py
[0.989s] -- Using CATKIN_ENABLE_TESTING: ON
[0.989s] -- Call enable_testing()
[0.990s] -- Using CATKIN_TEST_RESULTS_DIR: /home/senai/tiago-projects/dobot-mgc-ros2-pkg/dobot_ws/build/dobot/test_results
[1.013s] -- Forcing gtest/gmock from source, though one was otherwise available.
[1.013s] -- Found gtest sources under '/usr/src/googletest': gtests will be built
[1.013s] -- Found gmock sources under '/usr/src/googletest': gmock will be built
[1.055s] -- Found PythonInterp: /usr/bin/python3 (found version "3.8.10") 
[1.065s] -- Using Python nosetests: /usr/bin/nosetests3
[1.154s] -- catkin 0.8.10
[1.154s] -- BUILD_SHARED_LIBS is on
[1.363s] -- Using these message generators: 
[1.372s] -- Found geometry_msgs: 2.0.5 (/opt/ros/foxy/share/geometry_msgs/cmake)
[1.421s] -- Found ament_lint_auto: 0.9.6 (/opt/ros/foxy/share/ament_lint_auto/cmake)
[1.496s] -- Configuring done
[1.532s] -- Generating done
[1.536s] -- Build files have been written to: /home/senai/tiago-projects/dobot-mgc-ros2-pkg/dobot_ws/build/dobot
[1.576s] Invoked command in '/home/senai/tiago-projects/dobot-mgc-ros2-pkg/dobot_ws/build/dobot' returned '0': CMAKE_PREFIX_PATH=/opt/ros/foxy /usr/bin/cmake --build /home/senai/tiago-projects/dobot-mgc-ros2-pkg/dobot_ws/build/dobot -- -j8 -l8
[1.663s] Invoking command in '/home/senai/tiago-projects/dobot-mgc-ros2-pkg/dobot_ws/build/dobot': CMAKE_PREFIX_PATH=/opt/ros/foxy /usr/bin/cmake --install /home/senai/tiago-projects/dobot-mgc-ros2-pkg/dobot_ws/build/dobot
[1.689s] -- Install configuration: ""
[1.689s] -- Installing: /home/senai/tiago-projects/dobot-mgc-ros2-pkg/dobot_ws/install/dobot/_setup_util.py
[1.690s] -- Up-to-date: /home/senai/tiago-projects/dobot-mgc-ros2-pkg/dobot_ws/install/dobot/env.sh
[1.691s] -- Up-to-date: /home/senai/tiago-projects/dobot-mgc-ros2-pkg/dobot_ws/install/dobot/setup.bash
[1.691s] -- Up-to-date: /home/senai/tiago-projects/dobot-mgc-ros2-pkg/dobot_ws/install/dobot/local_setup.bash
[1.691s] -- Up-to-date: /home/senai/tiago-projects/dobot-mgc-ros2-pkg/dobot_ws/install/dobot/setup.sh
[1.692s] -- Up-to-date: /home/senai/tiago-projects/dobot-mgc-ros2-pkg/dobot_ws/install/dobot/local_setup.sh
[1.692s] -- Up-to-date: /home/senai/tiago-projects/dobot-mgc-ros2-pkg/dobot_ws/install/dobot/setup.zsh
[1.692s] -- Up-to-date: /home/senai/tiago-projects/dobot-mgc-ros2-pkg/dobot_ws/install/dobot/local_setup.zsh
[1.692s] -- Up-to-date: /home/senai/tiago-projects/dobot-mgc-ros2-pkg/dobot_ws/install/dobot/.rosinstall
[1.693s] -- Up-to-date: /home/senai/tiago-projects/dobot-mgc-ros2-pkg/dobot_ws/install/dobot/share/dobot/launch
[1.693s] -- Up-to-date: /home/senai/tiago-projects/dobot-mgc-ros2-pkg/dobot_ws/install/dobot/DobotDll_x86
[1.693s] -- Up-to-date: /home/senai/tiago-projects/dobot-mgc-ros2-pkg/dobot_ws/install/dobot/DobotDll_x86/DobotServer.cpp
[1.694s] -- Up-to-date: /home/senai/tiago-projects/dobot-mgc-ros2-pkg/dobot_ws/install/dobot/DobotDll_x86/DobotDll_x86
[1.694s] -- Up-to-date: /home/senai/tiago-projects/dobot-mgc-ros2-pkg/dobot_ws/install/dobot/DobotDll_x86/DobotDll_x86/libicudata.so.53.1
[1.694s] -- Up-to-date: /home/senai/tiago-projects/dobot-mgc-ros2-pkg/dobot_ws/install/dobot/DobotDll_x86/DobotDll_x86/libDobotDll.so
[1.694s] -- Up-to-date: /home/senai/tiago-projects/dobot-mgc-ros2-pkg/dobot_ws/install/dobot/DobotDll_x86/DobotDll_x86/libQt5Core.so
[1.694s] -- Up-to-date: /home/senai/tiago-projects/dobot-mgc-ros2-pkg/dobot_ws/install/dobot/DobotDll_x86/DobotDll_x86/libDobotDll.so.1.0.0
[1.694s] -- Up-to-date: /home/senai/tiago-projects/dobot-mgc-ros2-pkg/dobot_ws/install/dobot/DobotDll_x86/DobotDll_x86/libicudata.so.53
[1.695s] -- Up-to-date: /home/senai/tiago-projects/dobot-mgc-ros2-pkg/dobot_ws/install/dobot/DobotDll_x86/DobotDll_x86/libicuuc.so.53.1
[1.695s] -- Up-to-date: /home/senai/tiago-projects/dobot-mgc-ros2-pkg/dobot_ws/install/dobot/DobotDll_x86/DobotDll_x86/libDobotDll.so.1
[1.695s] -- Up-to-date: /home/senai/tiago-projects/dobot-mgc-ros2-pkg/dobot_ws/install/dobot/DobotDll_x86/DobotDll_x86/DobotDll.h
[1.695s] -- Up-to-date: /home/senai/tiago-projects/dobot-mgc-ros2-pkg/dobot_ws/install/dobot/DobotDll_x86/DobotDll_x86/libQt5Network.so.5
[1.695s] -- Up-to-date: /home/senai/tiago-projects/dobot-mgc-ros2-pkg/dobot_ws/install/dobot/DobotDll_x86/DobotDll_x86/libicui18n.so.53
[1.695s] -- Up-to-date: /home/senai/tiago-projects/dobot-mgc-ros2-pkg/dobot_ws/install/dobot/DobotDll_x86/DobotDll_x86/libicui18n.so.53.1
[1.695s] -- Up-to-date: /home/senai/tiago-projects/dobot-mgc-ros2-pkg/dobot_ws/install/dobot/DobotDll_x86/DobotDll_x86/libDobotDll.so.1.0
[1.695s] -- Up-to-date: /home/senai/tiago-projects/dobot-mgc-ros2-pkg/dobot_ws/install/dobot/DobotDll_x86/DobotDll_x86/libQt5Network.so.5.4
[1.696s] -- Up-to-date: /home/senai/tiago-projects/dobot-mgc-ros2-pkg/dobot_ws/install/dobot/DobotDll_x86/DobotDll_x86/libQt5Core.so.5.4.0
[1.696s] -- Up-to-date: /home/senai/tiago-projects/dobot-mgc-ros2-pkg/dobot_ws/install/dobot/DobotDll_x86/DobotDll_x86/libQt5Network.so.5.4.0
[1.696s] -- Up-to-date: /home/senai/tiago-projects/dobot-mgc-ros2-pkg/dobot_ws/install/dobot/DobotDll_x86/DobotDll_x86/dobotdll_global.h
[1.696s] -- Up-to-date: /home/senai/tiago-projects/dobot-mgc-ros2-pkg/dobot_ws/install/dobot/DobotDll_x86/DobotDll_x86/libQt5Network.so
[1.696s] -- Up-to-date: /home/senai/tiago-projects/dobot-mgc-ros2-pkg/dobot_ws/install/dobot/DobotDll_x86/DobotDll_x86/libQt5Core.so.5.4
[1.696s] -- Up-to-date: /home/senai/tiago-projects/dobot-mgc-ros2-pkg/dobot_ws/install/dobot/DobotDll_x86/DobotDll_x86/libQt5SerialPort.so.5.4
[1.696s] -- Up-to-date: /home/senai/tiago-projects/dobot-mgc-ros2-pkg/dobot_ws/install/dobot/DobotDll_x86/DobotDll_x86/libQt5SerialPort.so
[1.696s] -- Up-to-date: /home/senai/tiago-projects/dobot-mgc-ros2-pkg/dobot_ws/install/dobot/DobotDll_x86/DobotDll_x86/libQt5Core.so.5
[1.697s] -- Up-to-date: /home/senai/tiago-projects/dobot-mgc-ros2-pkg/dobot_ws/install/dobot/DobotDll_x86/DobotDll_x86/libQt5SerialPort.so.5
[1.697s] -- Up-to-date: /home/senai/tiago-projects/dobot-mgc-ros2-pkg/dobot_ws/install/dobot/DobotDll_x86/DobotDll_x86/DobotType.h
[1.697s] -- Up-to-date: /home/senai/tiago-projects/dobot-mgc-ros2-pkg/dobot_ws/install/dobot/DobotDll_x86/DobotDll_x86/libicuuc.so.53
[1.698s] -- Up-to-date: /home/senai/tiago-projects/dobot-mgc-ros2-pkg/dobot_ws/install/dobot/DobotDll_x86/DobotDll_x86/libQt5SerialPort.so.5.4.0
[1.699s] -- Up-to-date: /home/senai/tiago-projects/dobot-mgc-ros2-pkg/dobot_ws/install/dobot/DobotDll_x86/DobotClient_PTP.cpp
[1.699s] -- Up-to-date: /home/senai/tiago-projects/dobot-mgc-ros2-pkg/dobot_ws/install/dobot/DobotDll_x86/DobotClient_JOG.cpp
[1.701s] -- Up-to-date: /home/senai/tiago-projects/dobot-mgc-ros2-pkg/dobot_ws/install/dobot/DobotDll_x86/DobotDll_x64
[1.701s] -- Up-to-date: /home/senai/tiago-projects/dobot-mgc-ros2-pkg/dobot_ws/install/dobot/DobotDll_x86/DobotDll_x64/libQt5Network.so.5.6.0
[1.701s] -- Up-to-date: /home/senai/tiago-projects/dobot-mgc-ros2-pkg/dobot_ws/install/dobot/DobotDll_x86/DobotDll_x64/libQt5Core.prl
[1.702s] -- Up-to-date: /home/senai/tiago-projects/dobot-mgc-ros2-pkg/dobot_ws/install/dobot/DobotDll_x86/DobotDll_x64/libicui18n.so.56.1
[1.702s] -- Up-to-date: /home/senai/tiago-projects/dobot-mgc-ros2-pkg/dobot_ws/install/dobot/DobotDll_x86/DobotDll_x64/libicudata.so.53.1
[1.702s] -- Up-to-date: /home/senai/tiago-projects/dobot-mgc-ros2-pkg/dobot_ws/install/dobot/DobotDll_x86/DobotDll_x64/libQt5Core.la
[1.703s] -- Up-to-date: /home/senai/tiago-projects/dobot-mgc-ros2-pkg/dobot_ws/install/dobot/DobotDll_x86/DobotDll_x64/libDobotDll.so
[1.703s] -- Up-to-date: /home/senai/tiago-projects/dobot-mgc-ros2-pkg/dobot_ws/install/dobot/DobotDll_x86/DobotDll_x64/libQt5Core.so
[1.703s] -- Up-to-date: /home/senai/tiago-projects/dobot-mgc-ros2-pkg/dobot_ws/install/dobot/DobotDll_x86/DobotDll_x64/libDobotDll.so.1.0.0
[1.703s] -- Up-to-date: /home/senai/tiago-projects/dobot-mgc-ros2-pkg/dobot_ws/install/dobot/DobotDll_x86/DobotDll_x64/libicui18n.so.56
[1.705s] -- Up-to-date: /home/senai/tiago-projects/dobot-mgc-ros2-pkg/dobot_ws/install/dobot/DobotDll_x86/DobotDll_x64/libQt5SerialPort.la
[1.705s] -- Up-to-date: /home/senai/tiago-projects/dobot-mgc-ros2-pkg/dobot_ws/install/dobot/DobotDll_x86/DobotDll_x64/libicudata.so.53
[1.706s] -- Up-to-date: /home/senai/tiago-projects/dobot-mgc-ros2-pkg/dobot_ws/install/dobot/DobotDll_x86/DobotDll_x64/libicuuc.so.53.1
[1.706s] -- Up-to-date: /home/senai/tiago-projects/dobot-mgc-ros2-pkg/dobot_ws/install/dobot/DobotDll_x86/DobotDll_x64/libQt5Network.prl
[1.706s] -- Up-to-date: /home/senai/tiago-projects/dobot-mgc-ros2-pkg/dobot_ws/install/dobot/DobotDll_x86/DobotDll_x64/libDobotDll.so.1
[1.706s] -- Up-to-date: /home/senai/tiago-projects/dobot-mgc-ros2-pkg/dobot_ws/install/dobot/DobotDll_x86/DobotDll_x64/DobotDll.h
[1.707s] -- Up-to-date: /home/senai/tiago-projects/dobot-mgc-ros2-pkg/dobot_ws/install/dobot/DobotDll_x86/DobotDll_x64/libQt5Network.so.5
[1.707s] -- Up-to-date: /home/senai/tiago-projects/dobot-mgc-ros2-pkg/dobot_ws/install/dobot/DobotDll_x86/DobotDll_x64/libQt5Core.so.5.6
[1.707s] -- Up-to-date: /home/senai/tiago-projects/dobot-mgc-ros2-pkg/dobot_ws/install/dobot/DobotDll_x86/DobotDll_x64/libQt5SerialPort.so.5.6.0
[1.708s] -- Up-to-date: /home/senai/tiago-projects/dobot-mgc-ros2-pkg/dobot_ws/install/dobot/DobotDll_x86/DobotDll_x64/libicui18n.so.53
[1.708s] -- Up-to-date: /home/senai/tiago-projects/dobot-mgc-ros2-pkg/dobot_ws/install/dobot/DobotDll_x86/DobotDll_x64/libicui18n.so.53.1
[1.708s] -- Up-to-date: /home/senai/tiago-projects/dobot-mgc-ros2-pkg/dobot_ws/install/dobot/DobotDll_x86/DobotDll_x64/libDobotDll.so.1.0
[1.710s] -- Up-to-date: /home/senai/tiago-projects/dobot-mgc-ros2-pkg/dobot_ws/install/dobot/DobotDll_x86/DobotDll_x64/libQt5Network.so.5.4
[1.710s] -- Up-to-date: /home/senai/tiago-projects/dobot-mgc-ros2-pkg/dobot_ws/install/dobot/DobotDll_x86/DobotDll_x64/libQt5Core.so.5.4.0
[1.710s] -- Up-to-date: /home/senai/tiago-projects/dobot-mgc-ros2-pkg/dobot_ws/install/dobot/DobotDll_x86/DobotDll_x64/libQt5Network.so.5.4.0
[1.711s] -- Up-to-date: /home/senai/tiago-projects/dobot-mgc-ros2-pkg/dobot_ws/install/dobot/DobotDll_x86/DobotDll_x64/dobotdll_global.h
[1.711s] -- Up-to-date: /home/senai/tiago-projects/dobot-mgc-ros2-pkg/dobot_ws/install/dobot/DobotDll_x86/DobotDll_x64/libQt5Network.so
[1.712s] -- Up-to-date: /home/senai/tiago-projects/dobot-mgc-ros2-pkg/dobot_ws/install/dobot/DobotDll_x86/DobotDll_x64/libQt5Core.so.5.4
[1.712s] -- Up-to-date: /home/senai/tiago-projects/dobot-mgc-ros2-pkg/dobot_ws/install/dobot/DobotDll_x86/DobotDll_x64/libicudata.so.56
[1.714s] -- Up-to-date: /home/senai/tiago-projects/dobot-mgc-ros2-pkg/dobot_ws/install/dobot/DobotDll_x86/DobotDll_x64/libicuuc.so.56.1
[1.714s] -- Up-to-date: /home/senai/tiago-projects/dobot-mgc-ros2-pkg/dobot_ws/install/dobot/DobotDll_x86/DobotDll_x64/libQt5Network.so.5.6
[1.714s] -- Up-to-date: /home/senai/tiago-projects/dobot-mgc-ros2-pkg/dobot_ws/install/dobot/DobotDll_x86/DobotDll_x64/libicuuc.so.56
[1.714s] -- Up-to-date: /home/senai/tiago-projects/dobot-mgc-ros2-pkg/dobot_ws/install/dobot/DobotDll_x86/DobotDll_x64/libQt5SerialPort.so.5.6
[1.715s] -- Up-to-date: /home/senai/tiago-projects/dobot-mgc-ros2-pkg/dobot_ws/install/dobot/DobotDll_x86/DobotDll_x64/libQt5SerialPort.so.5.4
[1.716s] -- Up-to-date: /home/senai/tiago-projects/dobot-mgc-ros2-pkg/dobot_ws/install/dobot/DobotDll_x86/DobotDll_x64/libQt5Core.so.5.6.0
[1.716s] -- Up-to-date: /home/senai/tiago-projects/dobot-mgc-ros2-pkg/dobot_ws/install/dobot/DobotDll_x86/DobotDll_x64/libQt5SerialPort.so
[1.716s] -- Up-to-date: /home/senai/tiago-projects/dobot-mgc-ros2-pkg/dobot_ws/install/dobot/DobotDll_x86/DobotDll_x64/libicudata.so.56.1
[1.717s] -- Up-to-date: /home/senai/tiago-projects/dobot-mgc-ros2-pkg/dobot_ws/install/dobot/DobotDll_x86/DobotDll_x64/libQt5Core.so.5
[1.718s] -- Up-to-date: /home/senai/tiago-projects/dobot-mgc-ros2-pkg/dobot_ws/install/dobot/DobotDll_x86/DobotDll_x64/libQt5SerialPort.prl
[1.718s] -- Up-to-date: /home/senai/tiago-projects/dobot-mgc-ros2-pkg/dobot_ws/install/dobot/DobotDll_x86/DobotDll_x64/libQt5SerialPort.so.5
[1.718s] -- Up-to-date: /home/senai/tiago-projects/dobot-mgc-ros2-pkg/dobot_ws/install/dobot/DobotDll_x86/DobotDll_x64/DobotType.h
[1.719s] -- Up-to-date: /home/senai/tiago-projects/dobot-mgc-ros2-pkg/dobot_ws/install/dobot/DobotDll_x86/DobotDll_x64/libQt5Network.la
[1.719s] -- Up-to-date: /home/senai/tiago-projects/dobot-mgc-ros2-pkg/dobot_ws/install/dobot/DobotDll_x86/DobotDll_x64/libicuuc.so.53
[1.719s] -- Up-to-date: /home/senai/tiago-projects/dobot-mgc-ros2-pkg/dobot_ws/install/dobot/DobotDll_x86/DobotDll_x64/libQt5SerialPort.so.5.4.0
[1.719s] -- Up-to-date: /home/senai/tiago-projects/dobot-mgc-ros2-pkg/dobot_ws/install/dobot/DobotDll_x64
[1.720s] -- Up-to-date: /home/senai/tiago-projects/dobot-mgc-ros2-pkg/dobot_ws/install/dobot/DobotDll_x64/DobotServer.cpp
[1.720s] -- Up-to-date: /home/senai/tiago-projects/dobot-mgc-ros2-pkg/dobot_ws/install/dobot/DobotDll_x64/DobotDll_x86
[1.720s] -- Up-to-date: /home/senai/tiago-projects/dobot-mgc-ros2-pkg/dobot_ws/install/dobot/DobotDll_x64/DobotDll_x86/libicudata.so.53.1
[1.720s] -- Up-to-date: /home/senai/tiago-projects/dobot-mgc-ros2-pkg/dobot_ws/install/dobot/DobotDll_x64/DobotDll_x86/libDobotDll.so
[1.720s] -- Up-to-date: /home/senai/tiago-projects/dobot-mgc-ros2-pkg/dobot_ws/install/dobot/DobotDll_x64/DobotDll_x86/libQt5Core.so
[1.720s] -- Up-to-date: /home/senai/tiago-projects/dobot-mgc-ros2-pkg/dobot_ws/install/dobot/DobotDll_x64/DobotDll_x86/libDobotDll.so.1.0.0
[1.721s] -- Up-to-date: /home/senai/tiago-projects/dobot-mgc-ros2-pkg/dobot_ws/install/dobot/DobotDll_x64/DobotDll_x86/libicudata.so.53
[1.721s] -- Up-to-date: /home/senai/tiago-projects/dobot-mgc-ros2-pkg/dobot_ws/install/dobot/DobotDll_x64/DobotDll_x86/libicuuc.so.53.1
[1.722s] -- Up-to-date: /home/senai/tiago-projects/dobot-mgc-ros2-pkg/dobot_ws/install/dobot/DobotDll_x64/DobotDll_x86/libDobotDll.so.1
[1.727s] -- Up-to-date: /home/senai/tiago-projects/dobot-mgc-ros2-pkg/dobot_ws/install/dobot/DobotDll_x64/DobotDll_x86/DobotDll.h
[1.727s] -- Up-to-date: /home/senai/tiago-projects/dobot-mgc-ros2-pkg/dobot_ws/install/dobot/DobotDll_x64/DobotDll_x86/libQt5Network.so.5
[1.727s] -- Up-to-date: /home/senai/tiago-projects/dobot-mgc-ros2-pkg/dobot_ws/install/dobot/DobotDll_x64/DobotDll_x86/libicui18n.so.53
[1.728s] -- Up-to-date: /home/senai/tiago-projects/dobot-mgc-ros2-pkg/dobot_ws/install/dobot/DobotDll_x64/DobotDll_x86/libicui18n.so.53.1
[1.728s] -- Up-to-date: /home/senai/tiago-projects/dobot-mgc-ros2-pkg/dobot_ws/install/dobot/DobotDll_x64/DobotDll_x86/libDobotDll.so.1.0
[1.729s] -- Up-to-date: /home/senai/tiago-projects/dobot-mgc-ros2-pkg/dobot_ws/install/dobot/DobotDll_x64/DobotDll_x86/libQt5Network.so.5.4
[1.729s] -- Up-to-date: /home/senai/tiago-projects/dobot-mgc-ros2-pkg/dobot_ws/install/dobot/DobotDll_x64/DobotDll_x86/libQt5Core.so.5.4.0
[1.729s] -- Up-to-date: /home/senai/tiago-projects/dobot-mgc-ros2-pkg/dobot_ws/install/dobot/DobotDll_x64/DobotDll_x86/libQt5Network.so.5.4.0
[1.730s] -- Up-to-date: /home/senai/tiago-projects/dobot-mgc-ros2-pkg/dobot_ws/install/dobot/DobotDll_x64/DobotDll_x86/dobotdll_global.h
[1.730s] -- Up-to-date: /home/senai/tiago-projects/dobot-mgc-ros2-pkg/dobot_ws/install/dobot/DobotDll_x64/DobotDll_x86/libQt5Network.so
[1.730s] -- Up-to-date: /home/senai/tiago-projects/dobot-mgc-ros2-pkg/dobot_ws/install/dobot/DobotDll_x64/DobotDll_x86/libQt5Core.so.5.4
[1.731s] -- Up-to-date: /home/senai/tiago-projects/dobot-mgc-ros2-pkg/dobot_ws/install/dobot/DobotDll_x64/DobotDll_x86/libQt5SerialPort.so.5.4
[1.731s] -- Up-to-date: /home/senai/tiago-projects/dobot-mgc-ros2-pkg/dobot_ws/install/dobot/DobotDll_x64/DobotDll_x86/libQt5SerialPort.so
[1.731s] -- Up-to-date: /home/senai/tiago-projects/dobot-mgc-ros2-pkg/dobot_ws/install/dobot/DobotDll_x64/DobotDll_x86/libQt5Core.so.5
[1.732s] -- Up-to-date: /home/senai/tiago-projects/dobot-mgc-ros2-pkg/dobot_ws/install/dobot/DobotDll_x64/DobotDll_x86/libQt5SerialPort.so.5
[1.732s] -- Up-to-date: /home/senai/tiago-projects/dobot-mgc-ros2-pkg/dobot_ws/install/dobot/DobotDll_x64/DobotDll_x86/DobotType.h
[1.733s] -- Up-to-date: /home/senai/tiago-projects/dobot-mgc-ros2-pkg/dobot_ws/install/dobot/DobotDll_x64/DobotDll_x86/libicuuc.so.53
[1.733s] -- Up-to-date: /home/senai/tiago-projects/dobot-mgc-ros2-pkg/dobot_ws/install/dobot/DobotDll_x64/DobotDll_x86/libQt5SerialPort.so.5.4.0
[1.734s] -- Up-to-date: /home/senai/tiago-projects/dobot-mgc-ros2-pkg/dobot_ws/install/dobot/DobotDll_x64/DobotClient_PTP.cpp
[1.734s] -- Up-to-date: /home/senai/tiago-projects/dobot-mgc-ros2-pkg/dobot_ws/install/dobot/DobotDll_x64/DobotClient_JOG.cpp
[1.734s] -- Up-to-date: /home/senai/tiago-projects/dobot-mgc-ros2-pkg/dobot_ws/install/dobot/DobotDll_x64/DobotDll_x64
[1.734s] -- Up-to-date: /home/senai/tiago-projects/dobot-mgc-ros2-pkg/dobot_ws/install/dobot/DobotDll_x64/DobotDll_x64/libQt5Network.so.5.6.0
[1.735s] -- Up-to-date: /home/senai/tiago-projects/dobot-mgc-ros2-pkg/dobot_ws/install/dobot/DobotDll_x64/DobotDll_x64/libQt5Core.prl
[1.735s] -- Up-to-date: /home/senai/tiago-projects/dobot-mgc-ros2-pkg/dobot_ws/install/dobot/DobotDll_x64/DobotDll_x64/libicui18n.so.56.1
[1.736s] -- Up-to-date: /home/senai/tiago-projects/dobot-mgc-ros2-pkg/dobot_ws/install/dobot/DobotDll_x64/DobotDll_x64/libicudata.so.53.1
[1.736s] -- Up-to-date: /home/senai/tiago-projects/dobot-mgc-ros2-pkg/dobot_ws/install/dobot/DobotDll_x64/DobotDll_x64/libQt5Core.la
[1.736s] -- Up-to-date: /home/senai/tiago-projects/dobot-mgc-ros2-pkg/dobot_ws/install/dobot/DobotDll_x64/DobotDll_x64/libDobotDll.so
[1.737s] -- Up-to-date: /home/senai/tiago-projects/dobot-mgc-ros2-pkg/dobot_ws/install/dobot/DobotDll_x64/DobotDll_x64/libQt5Core.so
[1.737s] -- Up-to-date: /home/senai/tiago-projects/dobot-mgc-ros2-pkg/dobot_ws/install/dobot/DobotDll_x64/DobotDll_x64/libDobotDll.so.1.0.0
[1.737s] -- Up-to-date: /home/senai/tiago-projects/dobot-mgc-ros2-pkg/dobot_ws/install/dobot/DobotDll_x64/DobotDll_x64/libicui18n.so.56
[1.738s] -- Up-to-date: /home/senai/tiago-projects/dobot-mgc-ros2-pkg/dobot_ws/install/dobot/DobotDll_x64/DobotDll_x64/libQt5SerialPort.la
[1.739s] -- Up-to-date: /home/senai/tiago-projects/dobot-mgc-ros2-pkg/dobot_ws/install/dobot/DobotDll_x64/DobotDll_x64/libicudata.so.53
[1.740s] -- Up-to-date: /home/senai/tiago-projects/dobot-mgc-ros2-pkg/dobot_ws/install/dobot/DobotDll_x64/DobotDll_x64/libicuuc.so.53.1
[1.740s] -- Up-to-date: /home/senai/tiago-projects/dobot-mgc-ros2-pkg/dobot_ws/install/dobot/DobotDll_x64/DobotDll_x64/libQt5Network.prl
[1.740s] -- Up-to-date: /home/senai/tiago-projects/dobot-mgc-ros2-pkg/dobot_ws/install/dobot/DobotDll_x64/DobotDll_x64/libDobotDll.so.1
[1.740s] -- Up-to-date: /home/senai/tiago-projects/dobot-mgc-ros2-pkg/dobot_ws/install/dobot/DobotDll_x64/DobotDll_x64/DobotDll.h
[1.740s] -- Up-to-date: /home/senai/tiago-projects/dobot-mgc-ros2-pkg/dobot_ws/install/dobot/DobotDll_x64/DobotDll_x64/libQt5Network.so.5
[1.741s] -- Up-to-date: /home/senai/tiago-projects/dobot-mgc-ros2-pkg/dobot_ws/install/dobot/DobotDll_x64/DobotDll_x64/libQt5Core.so.5.6
[1.742s] -- Up-to-date: /home/senai/tiago-projects/dobot-mgc-ros2-pkg/dobot_ws/install/dobot/DobotDll_x64/DobotDll_x64/libQt5SerialPort.so.5.6.0
[1.742s] -- Up-to-date: /home/senai/tiago-projects/dobot-mgc-ros2-pkg/dobot_ws/install/dobot/DobotDll_x64/DobotDll_x64/libicui18n.so.53
[1.742s] -- Up-to-date: /home/senai/tiago-projects/dobot-mgc-ros2-pkg/dobot_ws/install/dobot/DobotDll_x64/DobotDll_x64/libicui18n.so.53.1
[1.742s] -- Up-to-date: /home/senai/tiago-projects/dobot-mgc-ros2-pkg/dobot_ws/install/dobot/DobotDll_x64/DobotDll_x64/libDobotDll.so.1.0
[1.742s] -- Up-to-date: /home/senai/tiago-projects/dobot-mgc-ros2-pkg/dobot_ws/install/dobot/DobotDll_x64/DobotDll_x64/libQt5Network.so.5.4
[1.742s] -- Up-to-date: /home/senai/tiago-projects/dobot-mgc-ros2-pkg/dobot_ws/install/dobot/DobotDll_x64/DobotDll_x64/libQt5Core.so.5.4.0
[1.743s] -- Up-to-date: /home/senai/tiago-projects/dobot-mgc-ros2-pkg/dobot_ws/install/dobot/DobotDll_x64/DobotDll_x64/libQt5Network.so.5.4.0
[1.743s] -- Up-to-date: /home/senai/tiago-projects/dobot-mgc-ros2-pkg/dobot_ws/install/dobot/DobotDll_x64/DobotDll_x64/dobotdll_global.h
[1.743s] -- Up-to-date: /home/senai/tiago-projects/dobot-mgc-ros2-pkg/dobot_ws/install/dobot/DobotDll_x64/DobotDll_x64/libQt5Network.so
[1.743s] -- Up-to-date: /home/senai/tiago-projects/dobot-mgc-ros2-pkg/dobot_ws/install/dobot/DobotDll_x64/DobotDll_x64/libQt5Core.so.5.4
[1.743s] -- Up-to-date: /home/senai/tiago-projects/dobot-mgc-ros2-pkg/dobot_ws/install/dobot/DobotDll_x64/DobotDll_x64/libicudata.so.56
[1.743s] -- Up-to-date: /home/senai/tiago-projects/dobot-mgc-ros2-pkg/dobot_ws/install/dobot/DobotDll_x64/DobotDll_x64/libicuuc.so.56.1
[1.743s] -- Up-to-date: /home/senai/tiago-projects/dobot-mgc-ros2-pkg/dobot_ws/install/dobot/DobotDll_x64/DobotDll_x64/libQt5Network.so.5.6
[1.743s] -- Up-to-date: /home/senai/tiago-projects/dobot-mgc-ros2-pkg/dobot_ws/install/dobot/DobotDll_x64/DobotDll_x64/libicuuc.so.56
[1.744s] -- Up-to-date: /home/senai/tiago-projects/dobot-mgc-ros2-pkg/dobot_ws/install/dobot/DobotDll_x64/DobotDll_x64/libQt5SerialPort.so.5.6
[1.744s] -- Up-to-date: /home/senai/tiago-projects/dobot-mgc-ros2-pkg/dobot_ws/install/dobot/DobotDll_x64/DobotDll_x64/libQt5SerialPort.so.5.4
[1.744s] -- Up-to-date: /home/senai/tiago-projects/dobot-mgc-ros2-pkg/dobot_ws/install/dobot/DobotDll_x64/DobotDll_x64/libQt5Core.so.5.6.0
[1.744s] -- Up-to-date: /home/senai/tiago-projects/dobot-mgc-ros2-pkg/dobot_ws/install/dobot/DobotDll_x64/DobotDll_x64/libQt5SerialPort.so
[1.744s] -- Up-to-date: /home/senai/tiago-projects/dobot-mgc-ros2-pkg/dobot_ws/install/dobot/DobotDll_x64/DobotDll_x64/libicudata.so.56.1
[1.744s] -- Up-to-date: /home/senai/tiago-projects/dobot-mgc-ros2-pkg/dobot_ws/install/dobot/DobotDll_x64/DobotDll_x64/libQt5Core.so.5
[1.744s] -- Up-to-date: /home/senai/tiago-projects/dobot-mgc-ros2-pkg/dobot_ws/install/dobot/DobotDll_x64/DobotDll_x64/libQt5SerialPort.prl
[1.744s] -- Up-to-date: /home/senai/tiago-projects/dobot-mgc-ros2-pkg/dobot_ws/install/dobot/DobotDll_x64/DobotDll_x64/libQt5SerialPort.so.5
[1.745s] -- Up-to-date: /home/senai/tiago-projects/dobot-mgc-ros2-pkg/dobot_ws/install/dobot/DobotDll_x64/DobotDll_x64/DobotType.h
[1.745s] -- Up-to-date: /home/senai/tiago-projects/dobot-mgc-ros2-pkg/dobot_ws/install/dobot/DobotDll_x64/DobotDll_x64/libQt5Network.la
[1.745s] -- Up-to-date: /home/senai/tiago-projects/dobot-mgc-ros2-pkg/dobot_ws/install/dobot/DobotDll_x64/DobotDll_x64/libicuuc.so.53
[1.745s] -- Up-to-date: /home/senai/tiago-projects/dobot-mgc-ros2-pkg/dobot_ws/install/dobot/DobotDll_x64/DobotDll_x64/libQt5SerialPort.so.5.4.0
[1.745s] Invoked command in '/home/senai/tiago-projects/dobot-mgc-ros2-pkg/dobot_ws/build/dobot' returned '0': CMAKE_PREFIX_PATH=/opt/ros/foxy /usr/bin/cmake --install /home/senai/tiago-projects/dobot-mgc-ros2-pkg/dobot_ws/build/dobot
