[0.018s] Invoking command in '/home/senai/tiago-projects/dobot-mgc-ros2-pkg/dobot_ws/build/dobot': /usr/bin/cmake /home/senai/tiago-projects/dobot-mgc-ros2-pkg/dobot_ws/src/dobot -DCMAKE_INSTALL_PREFIX=/home/senai/tiago-projects/dobot-mgc-ros2-pkg/dobot_ws/install/dobot
[0.035s] CMake Warning (dev) at CMakeLists.txt:59:
[0.035s]   Syntax Warning in cmake code at column 35
[0.035s] 
[0.035s]   Argument not separated from preceding token by whitespace.
[0.035s] This warning is for project developers.  Use -Wno-dev to suppress it.
[0.035s] 
[0.035s] CMake Warning (dev) at CMakeLists.txt:60:
[0.035s]   Syntax Warning in cmake code at column 35
[0.035s] 
[0.035s]   Argument not separated from preceding token by whitespace.
[0.035s] This warning is for project developers.  Use -Wno-dev to suppress it.
[0.036s] 
[0.036s] CMake Warning (dev) at CMakeLists.txt:102:
[0.036s]   Syntax Warning in cmake code at column 35
[0.036s] 
[0.036s]   Argument not separated from preceding token by whitespace.
[0.036s] This warning is for project developers.  Use -Wno-dev to suppress it.
[0.036s] 
[0.176s] -- The C compiler identification is GNU 9.4.0
[0.289s] -- The CXX compiler identification is GNU 9.4.0
[0.302s] -- Check for working C compiler: /usr/bin/cc
[0.393s] -- Check for working C compiler: /usr/bin/cc -- works
[0.395s] -- Detecting C compiler ABI info
[0.482s] -- Detecting C compiler ABI info - done
[0.494s] -- Detecting C compile features
[0.494s] -- Detecting C compile features - done
[0.500s] -- Check for working CXX compiler: /usr/bin/c++
[0.591s] -- Check for working CXX compiler: /usr/bin/c++ -- works
[0.592s] -- Detecting CXX compiler ABI info
[0.683s] -- Detecting CXX compiler ABI info - done
[0.695s] -- Detecting CXX compile features
[0.696s] -- Detecting CXX compile features - done
[0.706s] -- Found ament_cmake: 0.9.9 (/opt/ros/foxy/share/ament_cmake/cmake)
[0.739s] -- Found PythonInterp: /usr/bin/python3 (found suitable version "3.8.10", minimum required is "3") 
[0.739s] -- Using PYTHON_EXECUTABLE: /usr/bin/python3
[1.044s] -- Found rosidl_default_generators: 1.0.1 (/opt/ros/foxy/share/rosidl_default_generators/cmake)
[1.045s] CMake Warning (dev) at /opt/ros/foxy/share/ament_cmake_core/cmake/core/list_append_unique.cmake:30 (if):
[1.045s]   Policy CMP0057 is not set: Support new IN_LIST if() operator.  Run "cmake
[1.045s]   --help-policy CMP0057" for policy details.  Use the cmake_policy command to
[1.045s]   set the policy and suppress this warning.
[1.045s] 
[1.046s]   IN_LIST will be interpreted as an operator when the policy is set to NEW.
[1.046s]   Since the policy is not set the OLD behavior will be used.
[1.046s] Call Stack (most recent call first):
[1.046s]   /opt/ros/foxy/share/ament_cmake_core/cmake/index/ament_index_get_resources.cmake:51 (list_append_unique)
[1.046s]   /opt/ros/foxy/share/rosidl_default_generators/cmake/rosidl_default_generators-extras.cmake:5 (ament_index_get_resources)
[1.046s]   /opt/ros/foxy/share/rosidl_default_generators/cmake/rosidl_default_generatorsConfig.cmake:41 (include)
[1.046s]   CMakeLists.txt:20 (find_package)
[1.046s] This warning is for project developers.  Use -Wno-dev to suppress it.
[1.046s] 
[1.046s] CMake Error at /opt/ros/foxy/share/ament_cmake_core/cmake/core/list_append_unique.cmake:30 (if):
[1.046s]   if given arguments:
[1.046s] 
[1.046s]     "NOT" "element" "IN_LIST" "paths_to_search"
[1.046s] 
[1.046s]   Unknown arguments specified
[1.046s] Call Stack (most recent call first):
[1.046s]   /opt/ros/foxy/share/ament_cmake_core/cmake/index/ament_index_get_resources.cmake:51 (list_append_unique)
[1.046s]   /opt/ros/foxy/share/rosidl_default_generators/cmake/rosidl_default_generators-extras.cmake:5 (ament_index_get_resources)
[1.046s]   /opt/ros/foxy/share/rosidl_default_generators/cmake/rosidl_default_generatorsConfig.cmake:41 (include)
[1.046s]   CMakeLists.txt:20 (find_package)
[1.047s] 
[1.047s] 
[1.047s] -- Configuring incomplete, errors occurred!
[1.047s] See also "/home/senai/tiago-projects/dobot-mgc-ros2-pkg/dobot_ws/build/dobot/CMakeFiles/CMakeOutput.log".
[1.048s] Invoked command in '/home/senai/tiago-projects/dobot-mgc-ros2-pkg/dobot_ws/build/dobot' returned '1': /usr/bin/cmake /home/senai/tiago-projects/dobot-mgc-ros2-pkg/dobot_ws/src/dobot -DCMAKE_INSTALL_PREFIX=/home/senai/tiago-projects/dobot-mgc-ros2-pkg/dobot_ws/install/dobot
