[0.022s] Invoking command in '/home/senai/tiago-projects/dobot-mgc-ros2-pkg/dobot_ws/build/dobot': CMAKE_PREFIX_PATH=/opt/ros/foxy /usr/bin/cmake --build /home/senai/tiago-projects/dobot-mgc-ros2-pkg/dobot_ws/build/dobot -- -j8 -l8
[0.060s] -- Found ament_cmake: 0.9.9 (/opt/ros/foxy/share/ament_cmake/cmake)
[0.086s] -- Found PythonInterp: /usr/bin/python3 (found suitable version "3.8.10", minimum required is "3") 
[0.086s] -- Using PYTHON_EXECUTABLE: /usr/bin/python3
[0.392s] -- Found rosidl_default_generators: 1.0.1 (/opt/ros/foxy/share/rosidl_default_generators/cmake)
[0.394s] -- Using all available rosidl_typesupport_c: rosidl_typesupport_fastrtps_c;rosidl_typesupport_introspection_c
[0.398s] -- Found rosidl_adapter: 1.2.1 (/opt/ros/foxy/share/rosidl_adapter/cmake)
[0.576s] -- Using all available rosidl_typesupport_cpp: rosidl_typesupport_fastrtps_cpp;rosidl_typesupport_introspection_cpp
[0.623s] -- Found rosgraph_msgs: 1.0.0 (/opt/ros/foxy/share/rosgraph_msgs/cmake)
[0.679s] -- Found std_msgs: 2.0.5 (/opt/ros/foxy/share/std_msgs/cmake)
[0.718s] -- Found rclcpp: 2.4.1 (/opt/ros/foxy/share/rclcpp/cmake)
[0.763s] -- Found rmw_implementation_cmake: 1.0.3 (/opt/ros/foxy/share/rmw_implementation_cmake/cmake)
[0.765s] -- Using RMW implementation 'rmw_fastrtps_cpp' as default
[0.887s] -- Found rclpy: 1.0.8 (/opt/ros/foxy/share/rclpy/cmake)
[0.889s] -- Using CATKIN_DEVEL_PREFIX: /home/senai/tiago-projects/dobot-mgc-ros2-pkg/dobot_ws/build/dobot/devel
[0.889s] -- Using CMAKE_PREFIX_PATH: /opt/ros/foxy
[0.918s] -- Using PYTHON_EXECUTABLE: /usr/bin/python3
[0.918s] -- Using Debian Python package layout
[0.918s] -- Using empy: /usr/lib/python3/dist-packages/em.py
[1.190s] -- Using CATKIN_ENABLE_TESTING: ON
[1.191s] -- Call enable_testing()
[1.192s] -- Using CATKIN_TEST_RESULTS_DIR: /home/senai/tiago-projects/dobot-mgc-ros2-pkg/dobot_ws/build/dobot/test_results
[1.212s] -- Forcing gtest/gmock from source, though one was otherwise available.
[1.212s] -- Found gtest sources under '/usr/src/googletest': gtests will be built
[1.212s] -- Found gmock sources under '/usr/src/googletest': gmock will be built
[1.243s] -- Found PythonInterp: /usr/bin/python3 (found version "3.8.10") 
[1.250s] -- Using Python nosetests: /usr/bin/nosetests3
[1.308s] -- catkin 0.8.10
[1.308s] -- BUILD_SHARED_LIBS is on
[1.497s] -- Using these message generators: 
[1.506s] -- Found geometry_msgs: 2.0.5 (/opt/ros/foxy/share/geometry_msgs/cmake)
[1.556s] CMake Error at /opt/ros/foxy/share/rosidl_cmake/cmake/rosidl_generate_interfaces.cmake:59 (message):
[1.557s]   rosidl_generate_interfaces() called without any interface files
[1.557s] Call Stack (most recent call first):
[1.557s]   CMakeLists.txt:45 (rosidl_generate_interfaces)
[1.557s] 
[1.557s] 
[1.559s] -- Configuring incomplete, errors occurred!
[1.559s] See also "/home/senai/tiago-projects/dobot-mgc-ros2-pkg/dobot_ws/build/dobot/CMakeFiles/CMakeOutput.log".
[1.559s] See also "/home/senai/tiago-projects/dobot-mgc-ros2-pkg/dobot_ws/build/dobot/CMakeFiles/CMakeError.log".
[1.566s] make: *** [Makefile:432: cmake_check_build_system] Error 1
[1.568s] Invoked command in '/home/senai/tiago-projects/dobot-mgc-ros2-pkg/dobot_ws/build/dobot' returned '2': CMAKE_PREFIX_PATH=/opt/ros/foxy /usr/bin/cmake --build /home/senai/tiago-projects/dobot-mgc-ros2-pkg/dobot_ws/build/dobot -- -j8 -l8
