[0.027s] Invoking command in '/home/senai/tiago-projects/dobot-mgc-ros2-pkg/dobot_ws/build/dobot': /usr/bin/cmake /home/senai/tiago-projects/dobot-mgc-ros2-pkg/dobot_ws/src/dobot -DCMAKE_INSTALL_PREFIX=/home/senai/tiago-projects/dobot-mgc-ros2-pkg/dobot_ws/install/dobot
[0.067s] -- Found ament_cmake: 0.9.9 (/opt/ros/foxy/share/ament_cmake/cmake)
[0.097s] -- Found PythonInterp: /usr/bin/python3 (found suitable version "3.8.10", minimum required is "3") 
[0.097s] -- Using PYTHON_EXECUTABLE: /usr/bin/python3
[0.358s] -- Found rosidl_default_generators: 1.0.1 (/opt/ros/foxy/share/rosidl_default_generators/cmake)
[0.360s] -- Using all available rosidl_typesupport_c: rosidl_typesupport_fastrtps_c;rosidl_typesupport_introspection_c
[0.362s] -- Found rosidl_adapter: 1.2.1 (/opt/ros/foxy/share/rosidl_adapter/cmake)
[0.496s] -- Using all available rosidl_typesupport_cpp: rosidl_typesupport_fastrtps_cpp;rosidl_typesupport_introspection_cpp
[0.532s] -- Found rosgraph_msgs: 1.0.0 (/opt/ros/foxy/share/rosgraph_msgs/cmake)
[0.578s] -- Found std_msgs: 2.0.5 (/opt/ros/foxy/share/std_msgs/cmake)
[0.611s] -- Found rclcpp: 2.4.1 (/opt/ros/foxy/share/rclcpp/cmake)
[0.649s] -- Found rmw_implementation_cmake: 1.0.3 (/opt/ros/foxy/share/rmw_implementation_cmake/cmake)
[0.651s] -- Using RMW implementation 'rmw_fastrtps_cpp' as default
[0.765s] -- Found rclpy: 1.0.8 (/opt/ros/foxy/share/rclpy/cmake)
[0.768s] -- Using CATKIN_DEVEL_PREFIX: /home/senai/tiago-projects/dobot-mgc-ros2-pkg/dobot_ws/build/dobot/devel
[0.768s] -- Using CMAKE_PREFIX_PATH: 
[0.794s] -- Using PYTHON_EXECUTABLE: /usr/bin/python3
[0.794s] -- Using Debian Python package layout
[0.795s] -- Using empy: /usr/lib/python3/dist-packages/em.py
[0.933s] -- Using CATKIN_ENABLE_TESTING: ON
[0.933s] -- Call enable_testing()
[0.934s] -- Using CATKIN_TEST_RESULTS_DIR: /home/senai/tiago-projects/dobot-mgc-ros2-pkg/dobot_ws/build/dobot/test_results
[0.951s] -- Forcing gtest/gmock from source, though one was otherwise available.
[0.951s] -- Found gtest sources under '/usr/src/googletest': gtests will be built
[0.951s] -- Found gmock sources under '/usr/src/googletest': gmock will be built
[0.981s] -- Found PythonInterp: /usr/bin/python3 (found version "3.8.10") 
[0.988s] -- Using Python nosetests: /usr/bin/nosetests3
[1.046s] -- catkin 0.8.10
[1.046s] -- BUILD_SHARED_LIBS is on
[1.165s] -- Using these message generators: 
[1.170s] -- Found geometry_msgs: 2.0.5 (/opt/ros/foxy/share/geometry_msgs/cmake)
[1.207s] CMake Error at CMakeLists.txt:42 (find_package):
[1.207s]   By not providing "Findmessage_package.cmake" in CMAKE_MODULE_PATH this
[1.207s]   project has asked CMake to find a package configuration file provided by
[1.207s]   "message_package", but CMake did not find one.
[1.208s] 
[1.208s]   Could not find a package configuration file provided by "message_package"
[1.208s]   with any of the following names:
[1.208s] 
[1.208s]     message_packageConfig.cmake
[1.208s]     message_package-config.cmake
[1.208s] 
[1.208s]   Add the installation prefix of "message_package" to CMAKE_PREFIX_PATH or
[1.208s]   set "message_package_DIR" to a directory containing one of the above files.
[1.208s]   If "message_package" provides a separate development package or SDK, be
[1.208s]   sure it has been installed.
[1.208s] 
[1.208s] 
[1.209s] -- Configuring incomplete, errors occurred!
[1.209s] See also "/home/senai/tiago-projects/dobot-mgc-ros2-pkg/dobot_ws/build/dobot/CMakeFiles/CMakeOutput.log".
[1.209s] See also "/home/senai/tiago-projects/dobot-mgc-ros2-pkg/dobot_ws/build/dobot/CMakeFiles/CMakeError.log".
[1.216s] Invoked command in '/home/senai/tiago-projects/dobot-mgc-ros2-pkg/dobot_ws/build/dobot' returned '1': /usr/bin/cmake /home/senai/tiago-projects/dobot-mgc-ros2-pkg/dobot_ws/src/dobot -DCMAKE_INSTALL_PREFIX=/home/senai/tiago-projects/dobot-mgc-ros2-pkg/dobot_ws/install/dobot
