[0.025s] Invoking command in '/home/senai/tiago-projects/dobot-mgc-ros2-pkg/dobot_ws/build/dobot': /usr/bin/cmake /home/senai/tiago-projects/dobot-mgc-ros2-pkg/dobot_ws/src/dobot -DCMAKE_INSTALL_PREFIX=/home/senai/tiago-projects/dobot-mgc-ros2-pkg/dobot_ws/install/dobot
[0.066s] -- Found ament_cmake: 0.9.9 (/opt/ros/foxy/share/ament_cmake/cmake)
[0.092s] -- Using PYTHON_EXECUTABLE: /usr/bin/python3
[0.364s] -- Found rosidl_default_generators: 1.0.1 (/opt/ros/foxy/share/rosidl_default_generators/cmake)
[0.366s] -- Using all available rosidl_typesupport_c: rosidl_typesupport_fastrtps_c;rosidl_typesupport_introspection_c
[0.370s] -- Found rosidl_adapter: 1.2.1 (/opt/ros/foxy/share/rosidl_adapter/cmake)
[0.508s] -- Using all available rosidl_typesupport_cpp: rosidl_typesupport_fastrtps_cpp;rosidl_typesupport_introspection_cpp
[0.544s] -- Found rosgraph_msgs: 1.0.0 (/opt/ros/foxy/share/rosgraph_msgs/cmake)
[0.589s] -- Found std_msgs: 2.0.5 (/opt/ros/foxy/share/std_msgs/cmake)
[0.622s] -- Found rclcpp: 2.4.1 (/opt/ros/foxy/share/rclcpp/cmake)
[0.660s] -- Found rmw_implementation_cmake: 1.0.3 (/opt/ros/foxy/share/rmw_implementation_cmake/cmake)
[0.661s] -- Using RMW implementation 'rmw_fastrtps_cpp' as default
[0.773s] -- Found rclpy: 1.0.8 (/opt/ros/foxy/share/rclpy/cmake)
[0.775s] -- Using CATKIN_DEVEL_PREFIX: /home/senai/tiago-projects/dobot-mgc-ros2-pkg/dobot_ws/build/dobot/devel
[0.776s] -- Using CMAKE_PREFIX_PATH: 
[0.803s] -- Using PYTHON_EXECUTABLE: /usr/bin/python3
[0.803s] -- Using Debian Python package layout
[0.803s] -- Using empy: /usr/lib/python3/dist-packages/em.py
[0.941s] -- Using CATKIN_ENABLE_TESTING: ON
[0.941s] -- Call enable_testing()
[0.942s] -- Using CATKIN_TEST_RESULTS_DIR: /home/senai/tiago-projects/dobot-mgc-ros2-pkg/dobot_ws/build/dobot/test_results
[0.959s] -- Forcing gtest/gmock from source, though one was otherwise available.
[0.959s] -- Found gtest sources under '/usr/src/googletest': gtests will be built
[0.959s] -- Found gmock sources under '/usr/src/googletest': gmock will be built
[0.988s] -- Found PythonInterp: /usr/bin/python3 (found version "3.8.10") 
[0.994s] -- Using Python nosetests: /usr/bin/nosetests3
[1.051s] -- catkin 0.8.10
[1.051s] -- BUILD_SHARED_LIBS is on
[1.167s] -- Using these message generators: 
[1.171s] -- Found geometry_msgs: 2.0.5 (/opt/ros/foxy/share/geometry_msgs/cmake)
[1.200s] CMake Error at /opt/ros/foxy/share/rosidl_cmake/cmake/rosidl_generate_interfaces.cmake:59 (message):
[1.200s]   rosidl_generate_interfaces() called without any interface files
[1.200s] Call Stack (most recent call first):
[1.200s]   CMakeLists.txt:45 (rosidl_generate_interfaces)
[1.200s] 
[1.200s] 
[1.202s] -- Configuring incomplete, errors occurred!
[1.202s] See also "/home/senai/tiago-projects/dobot-mgc-ros2-pkg/dobot_ws/build/dobot/CMakeFiles/CMakeOutput.log".
[1.202s] See also "/home/senai/tiago-projects/dobot-mgc-ros2-pkg/dobot_ws/build/dobot/CMakeFiles/CMakeError.log".
[1.209s] Invoked command in '/home/senai/tiago-projects/dobot-mgc-ros2-pkg/dobot_ws/build/dobot' returned '1': /usr/bin/cmake /home/senai/tiago-projects/dobot-mgc-ros2-pkg/dobot_ws/src/dobot -DCMAKE_INSTALL_PREFIX=/home/senai/tiago-projects/dobot-mgc-ros2-pkg/dobot_ws/install/dobot
