[0.018s] Invoking command in '/home/senai/tiago-projects/dobot-mgc-ros2-pkg/dobot_ws/build/dobot': /usr/bin/cmake /home/senai/tiago-projects/dobot-mgc-ros2-pkg/dobot_ws/src/dobot -DCMAKE_INSTALL_PREFIX=/home/senai/tiago-projects/dobot-mgc-ros2-pkg/dobot_ws/install/dobot
[0.031s] CMake Warning (dev) at CMakeLists.txt:72:
[0.031s]   Syntax Warning in cmake code at column 35
[0.031s] 
[0.032s]   Argument not separated from preceding token by whitespace.
[0.032s] This warning is for project developers.  Use -Wno-dev to suppress it.
[0.032s] 
[0.032s] CMake Warning (dev) at CMakeLists.txt:73:
[0.032s]   Syntax Warning in cmake code at column 35
[0.032s] 
[0.032s]   Argument not separated from preceding token by whitespace.
[0.032s] This warning is for project developers.  Use -Wno-dev to suppress it.
[0.032s] 
[0.038s] -- Found ament_cmake: 0.9.9 (/opt/ros/foxy/share/ament_cmake/cmake)
[0.062s] -- Using PYTHON_EXECUTABLE: /usr/bin/python3
[0.339s] -- Found rosidl_default_generators: 1.0.1 (/opt/ros/foxy/share/rosidl_default_generators/cmake)
[0.345s] -- Using all available rosidl_typesupport_c: rosidl_typesupport_fastrtps_c;rosidl_typesupport_introspection_c
[0.356s] -- Found rosidl_adapter: 1.2.1 (/opt/ros/foxy/share/rosidl_adapter/cmake)
[0.491s] -- Found OpenSSL: /usr/lib/x86_64-linux-gnu/libcrypto.so (found version "1.1.1f")  
[0.522s] -- Found FastRTPS: /opt/ros/foxy/include  
[0.621s] -- Using all available rosidl_typesupport_cpp: rosidl_typesupport_fastrtps_cpp;rosidl_typesupport_introspection_cpp
[0.686s] -- Found rosgraph_msgs: 1.0.0 (/opt/ros/foxy/share/rosgraph_msgs/cmake)
[0.749s] -- Found std_msgs: 2.0.5 (/opt/ros/foxy/share/std_msgs/cmake)
[0.793s] -- Found rclcpp: 2.4.1 (/opt/ros/foxy/share/rclcpp/cmake)
[0.859s] -- Found rmw_implementation_cmake: 1.0.3 (/opt/ros/foxy/share/rmw_implementation_cmake/cmake)
[0.862s] -- Using RMW implementation 'rmw_fastrtps_cpp' as default
[0.866s] -- Looking for pthread.h
[0.954s] -- Looking for pthread.h - found
[0.955s] -- Performing Test CMAKE_HAVE_LIBC_PTHREAD
[1.045s] -- Performing Test CMAKE_HAVE_LIBC_PTHREAD - Failed
[1.045s] -- Looking for pthread_create in pthreads
[1.122s] -- Looking for pthread_create in pthreads - not found
[1.122s] -- Looking for pthread_create in pthread
[1.207s] -- Looking for pthread_create in pthread - found
[1.208s] -- Found Threads: TRUE  
[1.338s] -- Found rclpy: 1.0.8 (/opt/ros/foxy/share/rclpy/cmake)
[1.350s] -- Using CATKIN_DEVEL_PREFIX: /home/senai/tiago-projects/dobot-mgc-ros2-pkg/dobot_ws/build/dobot/devel
[1.350s] -- Using CMAKE_PREFIX_PATH: 
[1.380s] -- Using PYTHON_EXECUTABLE: /usr/bin/python3
[1.380s] -- Using Debian Python package layout
[1.417s] -- Found PY_em: /usr/lib/python3/dist-packages/em.py  
[1.417s] -- Using empy: /usr/lib/python3/dist-packages/em.py
[1.558s] -- Using CATKIN_ENABLE_TESTING: ON
[1.558s] -- Call enable_testing()
[1.558s] -- Using CATKIN_TEST_RESULTS_DIR: /home/senai/tiago-projects/dobot-mgc-ros2-pkg/dobot_ws/build/dobot/test_results
[1.580s] -- Forcing gtest/gmock from source, though one was otherwise available.
[1.581s] -- Found gtest sources under '/usr/src/googletest': gtests will be built
[1.581s] -- Found gmock sources under '/usr/src/googletest': gmock will be built
[1.614s] -- Found PythonInterp: /usr/bin/python3 (found version "3.8.10") 
[1.622s] -- Using Python nosetests: /usr/bin/nosetests3
[1.682s] -- catkin 0.8.10
[1.682s] -- BUILD_SHARED_LIBS is on
[1.807s] -- Using these message generators: 
[1.825s] -- Found geometry_msgs: 2.0.5 (/opt/ros/foxy/share/geometry_msgs/cmake)
[1.859s] CMake Error at /opt/ros/foxy/share/rosidl_cmake/cmake/rosidl_generate_interfaces.cmake:59 (message):
[1.859s]   rosidl_generate_interfaces() called without any interface files
[1.859s] Call Stack (most recent call first):
[1.859s]   CMakeLists.txt:44 (rosidl_generate_interfaces)
[1.859s] 
[1.859s] 
[1.860s] -- Configuring incomplete, errors occurred!
[1.860s] See also "/home/senai/tiago-projects/dobot-mgc-ros2-pkg/dobot_ws/build/dobot/CMakeFiles/CMakeOutput.log".
[1.860s] See also "/home/senai/tiago-projects/dobot-mgc-ros2-pkg/dobot_ws/build/dobot/CMakeFiles/CMakeError.log".
[1.867s] Invoked command in '/home/senai/tiago-projects/dobot-mgc-ros2-pkg/dobot_ws/build/dobot' returned '1': /usr/bin/cmake /home/senai/tiago-projects/dobot-mgc-ros2-pkg/dobot_ws/src/dobot -DCMAKE_INSTALL_PREFIX=/home/senai/tiago-projects/dobot-mgc-ros2-pkg/dobot_ws/install/dobot
