[0.315s] DEBUG:colcon:Command line arguments: ['/usr/bin/colcon', 'build']
[0.315s] DEBUG:colcon:Parsed command line arguments: Namespace(allow_overriding=[], ament_cmake_args=None, base_paths=['.'], build_base='build', catkin_cmake_args=None, catkin_skip_building_tests=False, cmake_args=None, cmake_clean_cache=False, cmake_clean_first=False, cmake_force_configure=False, cmake_target=None, cmake_target_skip_unavailable=False, continue_on_error=False, event_handlers=None, executor='parallel', ignore_user_meta=False, install_base='install', log_base=None, log_level=None, main=<bound method BuildVerb.main of <colcon_core.verb.build.BuildVerb object at 0x7f077b4b09d0>>, merge_install=False, metas=['./colcon.meta'], packages_above=None, packages_above_and_dependencies=None, packages_above_depth=None, packages_end=None, packages_ignore=None, packages_ignore_regex=None, packages_select=None, packages_select_build_failed=False, packages_select_by_dep=None, packages_select_regex=None, packages_select_test_failures=False, packages_skip=None, packages_skip_build_finished=False, packages_skip_by_dep=None, packages_skip_regex=None, packages_skip_test_passed=False, packages_skip_up_to=None, packages_start=None, packages_up_to=None, packages_up_to_regex=None, parallel_workers=8, paths=None, symlink_install=False, test_result_base=None, verb_extension=<colcon_core.verb.build.BuildVerb object at 0x7f077b4b09d0>, verb_name='build', verb_parser=<colcon_defaults.argument_parser.defaults.DefaultArgumentsDecorator object at 0x7f077b4b0f40>)
[0.371s] Level 1:colcon.colcon_core.package_discovery:discover_packages(colcon_meta) check parameters
[0.371s] Level 1:colcon.colcon_core.package_discovery:discover_packages(recursive) check parameters
[0.371s] Level 1:colcon.colcon_core.package_discovery:discover_packages(ignore) check parameters
[0.371s] Level 1:colcon.colcon_core.package_discovery:discover_packages(path) check parameters
[0.372s] Level 1:colcon.colcon_core.package_discovery:discover_packages(colcon_meta) discover
[0.372s] Level 1:colcon.colcon_core.package_discovery:discover_packages(recursive) discover
[0.372s] INFO:colcon.colcon_core.package_discovery:Crawling recursively for packages in '/home/senai/tiago-projects/dobot-mgc-ros2-pkg/dobot_ws'
[0.372s] Level 1:colcon.colcon_core.package_identification:_identify(.) by extensions ['ignore', 'ignore_ament_install']
[0.372s] Level 1:colcon.colcon_core.package_identification:_identify(.) by extension 'ignore'
[0.372s] Level 1:colcon.colcon_core.package_identification:_identify(.) by extension 'ignore_ament_install'
[0.372s] Level 1:colcon.colcon_core.package_identification:_identify(.) by extensions ['colcon_pkg']
[0.372s] Level 1:colcon.colcon_core.package_identification:_identify(.) by extension 'colcon_pkg'
[0.372s] Level 1:colcon.colcon_core.package_identification:_identify(.) by extensions ['colcon_meta']
[0.372s] Level 1:colcon.colcon_core.package_identification:_identify(.) by extension 'colcon_meta'
[0.372s] Level 1:colcon.colcon_core.package_identification:_identify(.) by extensions ['ros']
[0.372s] Level 1:colcon.colcon_core.package_identification:_identify(.) by extension 'ros'
[0.398s] Level 1:colcon.colcon_core.package_identification:_identify(.) by extensions ['cmake', 'python']
[0.398s] Level 1:colcon.colcon_core.package_identification:_identify(.) by extension 'cmake'
[0.399s] Level 1:colcon.colcon_core.package_identification:_identify(.) by extension 'python'
[0.399s] Level 1:colcon.colcon_core.package_identification:_identify(.) by extensions ['python_setup_py']
[0.399s] Level 1:colcon.colcon_core.package_identification:_identify(.) by extension 'python_setup_py'
[0.399s] Level 1:colcon.colcon_core.package_identification:_identify(build) by extensions ['ignore', 'ignore_ament_install']
[0.399s] Level 1:colcon.colcon_core.package_identification:_identify(build) by extension 'ignore'
[0.399s] Level 1:colcon.colcon_core.package_identification:_identify(build) ignored
[0.399s] Level 1:colcon.colcon_core.package_identification:_identify(install) by extensions ['ignore', 'ignore_ament_install']
[0.399s] Level 1:colcon.colcon_core.package_identification:_identify(install) by extension 'ignore'
[0.399s] Level 1:colcon.colcon_core.package_identification:_identify(install) ignored
[0.400s] Level 1:colcon.colcon_core.package_identification:_identify(log) by extensions ['ignore', 'ignore_ament_install']
[0.400s] Level 1:colcon.colcon_core.package_identification:_identify(log) by extension 'ignore'
[0.400s] Level 1:colcon.colcon_core.package_identification:_identify(log) ignored
[0.400s] Level 1:colcon.colcon_core.package_identification:_identify(src) by extensions ['ignore', 'ignore_ament_install']
[0.400s] Level 1:colcon.colcon_core.package_identification:_identify(src) by extension 'ignore'
[0.400s] Level 1:colcon.colcon_core.package_identification:_identify(src) by extension 'ignore_ament_install'
[0.400s] Level 1:colcon.colcon_core.package_identification:_identify(src) by extensions ['colcon_pkg']
[0.400s] Level 1:colcon.colcon_core.package_identification:_identify(src) by extension 'colcon_pkg'
[0.400s] Level 1:colcon.colcon_core.package_identification:_identify(src) by extensions ['colcon_meta']
[0.400s] Level 1:colcon.colcon_core.package_identification:_identify(src) by extension 'colcon_meta'
[0.401s] Level 1:colcon.colcon_core.package_identification:_identify(src) by extensions ['ros']
[0.401s] Level 1:colcon.colcon_core.package_identification:_identify(src) by extension 'ros'
[0.401s] Level 1:colcon.colcon_core.package_identification:_identify(src) by extensions ['cmake', 'python']
[0.401s] Level 1:colcon.colcon_core.package_identification:_identify(src) by extension 'cmake'
[0.401s] Level 1:colcon.colcon_core.package_identification:_identify(src) by extension 'python'
[0.401s] Level 1:colcon.colcon_core.package_identification:_identify(src) by extensions ['python_setup_py']
[0.401s] Level 1:colcon.colcon_core.package_identification:_identify(src) by extension 'python_setup_py'
[0.401s] Level 1:colcon.colcon_core.package_identification:_identify(src/dobot) by extensions ['ignore', 'ignore_ament_install']
[0.401s] Level 1:colcon.colcon_core.package_identification:_identify(src/dobot) by extension 'ignore'
[0.401s] Level 1:colcon.colcon_core.package_identification:_identify(src/dobot) by extension 'ignore_ament_install'
[0.401s] Level 1:colcon.colcon_core.package_identification:_identify(src/dobot) by extensions ['colcon_pkg']
[0.401s] Level 1:colcon.colcon_core.package_identification:_identify(src/dobot) by extension 'colcon_pkg'
[0.402s] Level 1:colcon.colcon_core.package_identification:_identify(src/dobot) by extensions ['colcon_meta']
[0.402s] Level 1:colcon.colcon_core.package_identification:_identify(src/dobot) by extension 'colcon_meta'
[0.402s] Level 1:colcon.colcon_core.package_identification:_identify(src/dobot) by extensions ['ros']
[0.402s] Level 1:colcon.colcon_core.package_identification:_identify(src/dobot) by extension 'ros'
[0.406s] DEBUG:colcon.colcon_core.package_identification:Package 'src/dobot' with type 'ros.ament_cmake' and name 'dobot'
[0.407s] Level 1:colcon.colcon_core.package_discovery:discover_packages(recursive) using defaults
[0.407s] Level 1:colcon.colcon_core.package_discovery:discover_packages(ignore) discover
[0.407s] Level 1:colcon.colcon_core.package_discovery:discover_packages(ignore) using defaults
[0.407s] Level 1:colcon.colcon_core.package_discovery:discover_packages(path) discover
[0.407s] Level 1:colcon.colcon_core.package_discovery:discover_packages(path) using defaults
[0.447s] Level 1:colcon.colcon_core.package_discovery:discover_packages(prefix_path) check parameters
[0.447s] Level 1:colcon.colcon_core.package_discovery:discover_packages(prefix_path) discover
[0.455s] DEBUG:colcon.colcon_installed_package_information.package_discovery:Found 278 installed packages in /opt/ros/foxy
[0.457s] Level 1:colcon.colcon_core.package_discovery:discover_packages(prefix_path) using defaults
[0.632s] Level 5:colcon.colcon_core.verb:set package 'dobot' build argument 'cmake_args' from command line to 'None'
[0.632s] Level 5:colcon.colcon_core.verb:set package 'dobot' build argument 'cmake_target' from command line to 'None'
[0.632s] Level 5:colcon.colcon_core.verb:set package 'dobot' build argument 'cmake_target_skip_unavailable' from command line to 'False'
[0.632s] Level 5:colcon.colcon_core.verb:set package 'dobot' build argument 'cmake_clean_cache' from command line to 'False'
[0.632s] Level 5:colcon.colcon_core.verb:set package 'dobot' build argument 'cmake_clean_first' from command line to 'False'
[0.632s] Level 5:colcon.colcon_core.verb:set package 'dobot' build argument 'cmake_force_configure' from command line to 'False'
[0.632s] Level 5:colcon.colcon_core.verb:set package 'dobot' build argument 'ament_cmake_args' from command line to 'None'
[0.632s] Level 5:colcon.colcon_core.verb:set package 'dobot' build argument 'catkin_cmake_args' from command line to 'None'
[0.632s] Level 5:colcon.colcon_core.verb:set package 'dobot' build argument 'catkin_skip_building_tests' from command line to 'False'
[0.632s] DEBUG:colcon.colcon_core.verb:Building package 'dobot' with the following arguments: {'ament_cmake_args': None, 'build_base': '/home/senai/tiago-projects/dobot-mgc-ros2-pkg/dobot_ws/build/dobot', 'catkin_cmake_args': None, 'catkin_skip_building_tests': False, 'cmake_args': None, 'cmake_clean_cache': False, 'cmake_clean_first': False, 'cmake_force_configure': False, 'cmake_target': None, 'cmake_target_skip_unavailable': False, 'install_base': '/home/senai/tiago-projects/dobot-mgc-ros2-pkg/dobot_ws/install/dobot', 'merge_install': False, 'path': '/home/senai/tiago-projects/dobot-mgc-ros2-pkg/dobot_ws/src/dobot', 'symlink_install': False, 'test_result_base': None}
[0.633s] INFO:colcon.colcon_core.executor:Executing jobs using 'parallel' executor
[0.638s] DEBUG:colcon.colcon_parallel_executor.executor.parallel:run_until_complete
[0.638s] INFO:colcon.colcon_ros.task.ament_cmake.build:Building ROS package in '/home/senai/tiago-projects/dobot-mgc-ros2-pkg/dobot_ws/src/dobot' with build type 'ament_cmake'
[0.638s] INFO:colcon.colcon_cmake.task.cmake.build:Building CMake package in '/home/senai/tiago-projects/dobot-mgc-ros2-pkg/dobot_ws/src/dobot'
[0.645s] INFO:colcon.colcon_core.plugin_system:Skipping extension 'colcon_core.shell.bat': Not used on non-Windows systems
[0.645s] INFO:colcon.colcon_core.shell:Skip shell extension 'powershell' for command environment: Not usable outside of PowerShell
[0.645s] DEBUG:colcon.colcon_core.shell:Skip shell extension 'dsv' for command environment
[0.659s] DEBUG:colcon.colcon_core.event_handler.log_command:Invoking command in '/home/senai/tiago-projects/dobot-mgc-ros2-pkg/dobot_ws/build/dobot': CMAKE_PREFIX_PATH=/opt/ros/foxy /usr/bin/cmake /home/senai/tiago-projects/dobot-mgc-ros2-pkg/dobot_ws/src/dobot -DCMAKE_INSTALL_PREFIX=/home/senai/tiago-projects/dobot-mgc-ros2-pkg/dobot_ws/install/dobot
[2.156s] DEBUG:colcon.colcon_core.event_handler.log_command:Invoked command in '/home/senai/tiago-projects/dobot-mgc-ros2-pkg/dobot_ws/build/dobot' returned '0': CMAKE_PREFIX_PATH=/opt/ros/foxy /usr/bin/cmake /home/senai/tiago-projects/dobot-mgc-ros2-pkg/dobot_ws/src/dobot -DCMAKE_INSTALL_PREFIX=/home/senai/tiago-projects/dobot-mgc-ros2-pkg/dobot_ws/install/dobot
[2.159s] DEBUG:colcon.colcon_core.event_handler.log_command:Invoking command in '/home/senai/tiago-projects/dobot-mgc-ros2-pkg/dobot_ws/build/dobot': CMAKE_PREFIX_PATH=/opt/ros/foxy /usr/bin/cmake --build /home/senai/tiago-projects/dobot-mgc-ros2-pkg/dobot_ws/build/dobot -- -j8 -l8
[2.242s] DEBUG:colcon.colcon_core.event_handler.log_command:Invoked command in '/home/senai/tiago-projects/dobot-mgc-ros2-pkg/dobot_ws/build/dobot' returned '0': CMAKE_PREFIX_PATH=/opt/ros/foxy /usr/bin/cmake --build /home/senai/tiago-projects/dobot-mgc-ros2-pkg/dobot_ws/build/dobot -- -j8 -l8
[2.323s] DEBUG:colcon.colcon_core.event_handler.log_command:Invoking command in '/home/senai/tiago-projects/dobot-mgc-ros2-pkg/dobot_ws/build/dobot': CMAKE_PREFIX_PATH=/opt/ros/foxy /usr/bin/cmake --install /home/senai/tiago-projects/dobot-mgc-ros2-pkg/dobot_ws/build/dobot
[2.348s] DEBUG:colcon.colcon_core.event_handler.log_command:Invoked command in '/home/senai/tiago-projects/dobot-mgc-ros2-pkg/dobot_ws/build/dobot' returned '1': CMAKE_PREFIX_PATH=/opt/ros/foxy /usr/bin/cmake --install /home/senai/tiago-projects/dobot-mgc-ros2-pkg/dobot_ws/build/dobot
[2.408s] Level 1:colcon.colcon_core.environment:create_environment_scripts_only(dobot)
[2.425s] Level 1:colcon.colcon_core.environment:checking '/home/senai/tiago-projects/dobot-mgc-ros2-pkg/dobot_ws/install/dobot' for CMake module files
[2.425s] Level 1:colcon.colcon_core.environment:checking '/home/senai/tiago-projects/dobot-mgc-ros2-pkg/dobot_ws/install/dobot' for CMake config files
[2.425s] Level 1:colcon.colcon_core.environment:checking '/home/senai/tiago-projects/dobot-mgc-ros2-pkg/dobot_ws/install/dobot/bin'
[2.426s] Level 1:colcon.colcon_core.environment:checking '/home/senai/tiago-projects/dobot-mgc-ros2-pkg/dobot_ws/install/dobot/lib/pkgconfig/dobot.pc'
[2.426s] Level 1:colcon.colcon_core.environment:checking '/home/senai/tiago-projects/dobot-mgc-ros2-pkg/dobot_ws/install/dobot/lib/python3.8/site-packages'
[2.426s] Level 1:colcon.colcon_core.environment:checking '/home/senai/tiago-projects/dobot-mgc-ros2-pkg/dobot_ws/install/dobot/bin'
[2.429s] INFO:colcon.colcon_core.shell:Creating package script '/home/senai/tiago-projects/dobot-mgc-ros2-pkg/dobot_ws/install/dobot/share/dobot/package.ps1'
[2.430s] INFO:colcon.colcon_core.shell:Creating package descriptor '/home/senai/tiago-projects/dobot-mgc-ros2-pkg/dobot_ws/install/dobot/share/dobot/package.dsv'
[2.432s] INFO:colcon.colcon_core.shell:Creating package script '/home/senai/tiago-projects/dobot-mgc-ros2-pkg/dobot_ws/install/dobot/share/dobot/package.sh'
[2.433s] INFO:colcon.colcon_core.shell:Creating package script '/home/senai/tiago-projects/dobot-mgc-ros2-pkg/dobot_ws/install/dobot/share/dobot/package.bash'
[2.434s] INFO:colcon.colcon_core.shell:Creating package script '/home/senai/tiago-projects/dobot-mgc-ros2-pkg/dobot_ws/install/dobot/share/dobot/package.zsh'
[2.435s] Level 1:colcon.colcon_core.environment:create_file_with_runtime_dependencies(/home/senai/tiago-projects/dobot-mgc-ros2-pkg/dobot_ws/install/dobot/share/colcon-core/packages/dobot)
[2.446s] DEBUG:colcon.colcon_parallel_executor.executor.parallel:closing loop
[2.446s] DEBUG:colcon.colcon_parallel_executor.executor.parallel:loop closed
[2.446s] DEBUG:colcon.colcon_parallel_executor.executor.parallel:run_until_complete finished with '1'
[2.446s] DEBUG:colcon.colcon_core.event_reactor:joining thread
[2.460s] INFO:colcon.colcon_core.plugin_system:Skipping extension 'colcon_notification.desktop_notification.terminal_notifier': Not used on non-Darwin systems
[2.460s] INFO:colcon.colcon_core.plugin_system:Skipping extension 'colcon_notification.desktop_notification.win32': Not used on non-Windows systems
[2.460s] INFO:colcon.colcon_notification.desktop_notification:Sending desktop notification using 'notify2'
[2.476s] DEBUG:colcon.colcon_core.event_reactor:joined thread
[2.479s] INFO:colcon.colcon_core.shell:Creating prefix script '/home/senai/tiago-projects/dobot-mgc-ros2-pkg/dobot_ws/install/local_setup.ps1'
[2.481s] INFO:colcon.colcon_core.shell:Creating prefix util module '/home/senai/tiago-projects/dobot-mgc-ros2-pkg/dobot_ws/install/_local_setup_util_ps1.py'
[2.482s] INFO:colcon.colcon_core.shell:Creating prefix chain script '/home/senai/tiago-projects/dobot-mgc-ros2-pkg/dobot_ws/install/setup.ps1'
[2.485s] INFO:colcon.colcon_core.shell:Creating prefix script '/home/senai/tiago-projects/dobot-mgc-ros2-pkg/dobot_ws/install/local_setup.sh'
[2.486s] INFO:colcon.colcon_core.shell:Creating prefix util module '/home/senai/tiago-projects/dobot-mgc-ros2-pkg/dobot_ws/install/_local_setup_util_sh.py'
[2.487s] INFO:colcon.colcon_core.shell:Creating prefix chain script '/home/senai/tiago-projects/dobot-mgc-ros2-pkg/dobot_ws/install/setup.sh'
[2.489s] INFO:colcon.colcon_core.shell:Creating prefix script '/home/senai/tiago-projects/dobot-mgc-ros2-pkg/dobot_ws/install/local_setup.bash'
[2.490s] INFO:colcon.colcon_core.shell:Creating prefix chain script '/home/senai/tiago-projects/dobot-mgc-ros2-pkg/dobot_ws/install/setup.bash'
[2.492s] INFO:colcon.colcon_core.shell:Creating prefix script '/home/senai/tiago-projects/dobot-mgc-ros2-pkg/dobot_ws/install/local_setup.zsh'
[2.492s] INFO:colcon.colcon_core.shell:Creating prefix chain script '/home/senai/tiago-projects/dobot-mgc-ros2-pkg/dobot_ws/install/setup.zsh'
