[0.015s] Invoking command in '/home/senai/tiago-projects/dobot-mgc-ros2-pkg/dobot_ws/build/dobot': /usr/bin/cmake /home/senai/tiago-projects/dobot-mgc-ros2-pkg/dobot_ws/src/dobot -DCMAKE_INSTALL_PREFIX=/home/senai/tiago-projects/dobot-mgc-ros2-pkg/dobot_ws/install/dobot
[0.030s] CMake Warning (dev) at CMakeLists.txt:72:
[0.030s]   Syntax Warning in cmake code at column 35
[0.030s] 
[0.030s]   Argument not separated from preceding token by whitespace.
[0.031s] This warning is for project developers.  Use -Wno-dev to suppress it.
[0.031s] 
[0.031s] CMake Warning (dev) at CMakeLists.txt:73:
[0.031s]   Syntax Warning in cmake code at column 35
[0.031s] 
[0.031s]   Argument not separated from preceding token by whitespace.
[0.031s] This warning is for project developers.  Use -Wno-dev to suppress it.
[0.031s] 
[0.038s] -- Found ament_cmake: 0.9.9 (/opt/ros/foxy/share/ament_cmake/cmake)
[0.062s] -- Found PythonInterp: /usr/bin/python3 (found suitable version "3.8.10", minimum required is "3") 
[0.062s] -- Using PYTHON_EXECUTABLE: /usr/bin/python3
[0.325s] -- Found rosidl_default_generators: 1.0.1 (/opt/ros/foxy/share/rosidl_default_generators/cmake)
[0.327s] -- Using all available rosidl_typesupport_c: rosidl_typesupport_fastrtps_c;rosidl_typesupport_introspection_c
[0.329s] -- Found rosidl_adapter: 1.2.1 (/opt/ros/foxy/share/rosidl_adapter/cmake)
[0.463s] -- Using all available rosidl_typesupport_cpp: rosidl_typesupport_fastrtps_cpp;rosidl_typesupport_introspection_cpp
[0.498s] -- Found rosgraph_msgs: 1.0.0 (/opt/ros/foxy/share/rosgraph_msgs/cmake)
[0.543s] -- Found std_msgs: 2.0.5 (/opt/ros/foxy/share/std_msgs/cmake)
[0.578s] -- Found rclcpp: 2.4.1 (/opt/ros/foxy/share/rclcpp/cmake)
[0.618s] -- Found rmw_implementation_cmake: 1.0.3 (/opt/ros/foxy/share/rmw_implementation_cmake/cmake)
[0.620s] -- Using RMW implementation 'rmw_fastrtps_cpp' as default
[0.732s] -- Found rclpy: 1.0.8 (/opt/ros/foxy/share/rclpy/cmake)
[0.734s] -- Using CATKIN_DEVEL_PREFIX: /home/senai/tiago-projects/dobot-mgc-ros2-pkg/dobot_ws/build/dobot/devel
[0.735s] -- Using CMAKE_PREFIX_PATH: 
[0.760s] -- Using PYTHON_EXECUTABLE: /usr/bin/python3
[0.761s] -- Using Debian Python package layout
[0.761s] -- Using empy: /usr/lib/python3/dist-packages/em.py
[0.894s] -- Using CATKIN_ENABLE_TESTING: ON
[0.894s] -- Call enable_testing()
[0.895s] -- Using CATKIN_TEST_RESULTS_DIR: /home/senai/tiago-projects/dobot-mgc-ros2-pkg/dobot_ws/build/dobot/test_results
[0.911s] -- Forcing gtest/gmock from source, though one was otherwise available.
[0.911s] -- Found gtest sources under '/usr/src/googletest': gtests will be built
[0.911s] -- Found gmock sources under '/usr/src/googletest': gmock will be built
[0.939s] -- Found PythonInterp: /usr/bin/python3 (found version "3.8.10") 
[0.946s] -- Using Python nosetests: /usr/bin/nosetests3
[1.006s] -- catkin 0.8.10
[1.006s] -- BUILD_SHARED_LIBS is on
[1.121s] -- Using these message generators: 
[1.125s] -- Found geometry_msgs: 2.0.5 (/opt/ros/foxy/share/geometry_msgs/cmake)
[1.154s] CMake Error at /opt/ros/foxy/share/rosidl_cmake/cmake/rosidl_generate_interfaces.cmake:59 (message):
[1.154s]   rosidl_generate_interfaces() called without any interface files
[1.154s] Call Stack (most recent call first):
[1.154s]   CMakeLists.txt:44 (rosidl_generate_interfaces)
[1.154s] 
[1.154s] 
[1.156s] -- Configuring incomplete, errors occurred!
[1.156s] See also "/home/senai/tiago-projects/dobot-mgc-ros2-pkg/dobot_ws/build/dobot/CMakeFiles/CMakeOutput.log".
[1.156s] See also "/home/senai/tiago-projects/dobot-mgc-ros2-pkg/dobot_ws/build/dobot/CMakeFiles/CMakeError.log".
[1.163s] Invoked command in '/home/senai/tiago-projects/dobot-mgc-ros2-pkg/dobot_ws/build/dobot' returned '1': /usr/bin/cmake /home/senai/tiago-projects/dobot-mgc-ros2-pkg/dobot_ws/src/dobot -DCMAKE_INSTALL_PREFIX=/home/senai/tiago-projects/dobot-mgc-ros2-pkg/dobot_ws/install/dobot
